#
# A fatal error has been detected by the Java Runtime Environment:
#
# java.lang.OutOfMemoryError: pthread_getattr_np
#
#  Internal Error (os_linux_x86.cpp:681), pid=23508, tid=139864112617216
#  Error: pthread_getattr_np
#
# JRE version: 6.0_21-b06
# Java VM: Java HotSpot(TM) 64-Bit Server VM (17.0-b16 mixed mode linux-amd64 )
# If you would like to submit a bug report, please visit:
#   http://java.sun.com/webapps/bugreport/crash.jsp
#

---------------  T H R E A D  ---------------

Current thread (0x00007f4890144000):  JavaThread "pool-1-thread-21" [_thread_new, id=24730, stack(0x0000000000000000,0x0000000000000000)]

Stack: [0x0000000000000000,0x0000000000000000],  sp=0x00007f34a6bfc980,  free space=cd29aff20000000000000018k
Native frames: (J=compiled Java code, j=interpreted, Vv=VM code, C=native code)
V  [libjvm.so+0x730610]
V  [libjvm.so+0x2f3168]
V  [libjvm.so+0x5f9e73]
V  [libjvm.so+0x5f9aa5]
V  [libjvm.so+0x6ee363]
V  [libjvm.so+0x5f80df]


---------------  P R O C E S S  ---------------

Java Threads: ( => current thread )
=>0x00007f4890144000 JavaThread "pool-1-thread-21" [_thread_new, id=24730, stack(0x0000000000000000,0x0000000000000000)]
  0x00007f4890142000 JavaThread "pool-1-thread-20" [_thread_in_vm, id=24729, stack(0x00007f34a6bfe000,0x00007f34a75ff000)]
  0x00007f4890140000 JavaThread "pool-1-thread-19" [_thread_in_vm, id=24728, stack(0x00007f34a75ff000,0x00007f34a8000000)]
  0x00007f489013e800 JavaThread "pool-1-thread-18" [_thread_in_vm, id=24727, stack(0x00007f34c03fa000,0x00007f34c0dfb000)]
  0x00007f489013c800 JavaThread "pool-1-thread-17" [_thread_in_vm, id=24726, stack(0x00007f34c0dfb000,0x00007f34c17fc000)]
  0x00007f489013a800 JavaThread "pool-1-thread-16" [_thread_in_vm, id=24725, stack(0x00007f34c17fc000,0x00007f34c21fd000)]
  0x00007f4890138800 JavaThread "pool-1-thread-15" [_thread_in_vm, id=24724, stack(0x00007f34c21fd000,0x00007f34c2bfe000)]
  0x00007f4890136800 JavaThread "pool-1-thread-14" [_thread_in_vm, id=24723, stack(0x00007f34c2bfe000,0x00007f34c35ff000)]
  0x00007f4890128000 JavaThread "pool-1-thread-13" [_thread_in_vm, id=24722, stack(0x00007f34c35ff000,0x00007f34c4000000)]
  0x00007f4890126000 JavaThread "pool-1-thread-12" [_thread_in_vm, id=24721, stack(0x00007f34dc3fa000,0x00007f34dcdfb000)]
  0x00007f4890124000 JavaThread "pool-1-thread-11" [_thread_in_vm, id=24720, stack(0x00007f34dcdfb000,0x00007f34dd7fc000)]
  0x00007f4890122800 JavaThread "pool-1-thread-10" [_thread_in_vm, id=24719, stack(0x00007f34dd7fc000,0x00007f34de1fd000)]
  0x00007f48900ed800 JavaThread "pool-1-thread-9" [_thread_in_vm, id=24718, stack(0x00007f34de1fd000,0x00007f34debfe000)]
  0x00007f48900eb800 JavaThread "pool-1-thread-8" [_thread_in_Java, id=24717, stack(0x00007f34debfe000,0x00007f34df5ff000)]
  0x00007f48900e9800 JavaThread "pool-1-thread-7" [_thread_in_Java, id=24716, stack(0x00007f34df5ff000,0x00007f34e0000000)]
  0x00007f48900e7800 JavaThread "pool-1-thread-6" [_thread_in_vm, id=24715, stack(0x00007f34f43fa000,0x00007f34f4dfb000)]
  0x00007f48900a0000 JavaThread "pool-1-thread-5" [_thread_in_Java, id=24714, stack(0x00007f34f4dfb000,0x00007f34f57fc000)]
  0x00007f489009e000 JavaThread "pool-1-thread-4" [_thread_in_Java, id=24713, stack(0x00007f34f57fc000,0x00007f34f61fd000)]
  0x00007f489009c000 JavaThread "pool-1-thread-3" [_thread_in_Java, id=24712, stack(0x00007f34f61fd000,0x00007f34f6bfe000)]
  0x00007f489009b000 JavaThread "pool-1-thread-2" [_thread_in_Java, id=24711, stack(0x00007f34f6bfe000,0x00007f34f75ff000)]
  0x00007f489012b800 JavaThread "pool-1-thread-1" [_thread_in_Java, id=24710, stack(0x00007f34f75ff000,0x00007f34f8000000)]
  0x00007f48900dc000 JavaThread "Low Memory Detector" daemon [_thread_blocked, id=23539, stack(0x00007f3574ae8000,0x00007f35754e9000)]
  0x00007f48900da000 JavaThread "CompilerThread1" daemon [_thread_blocked, id=23538, stack(0x00007f35754e9000,0x00007f35755ea000)]
  0x00007f48900d7000 JavaThread "CompilerThread0" daemon [_thread_blocked, id=23537, stack(0x00007f35755ea000,0x00007f35756eb000)]
  0x00007f48900d5000 JavaThread "Signal Dispatcher" daemon [_thread_blocked, id=23536, stack(0x00007f35756eb000,0x00007f35760ec000)]
  0x00007f48900b5800 JavaThread "Finalizer" daemon [_thread_blocked, id=23535, stack(0x00007f3576275000,0x00007f3576c76000)]
  0x00007f48900b4000 JavaThread "Reference Handler" daemon [_thread_blocked, id=23534, stack(0x00007f3576c76000,0x00007f3577677000)]
  0x00007f4890006800 JavaThread "main" [_thread_in_vm, id=23509, stack(0x00007f4897359000,0x00007f489745a000)]

Other Threads:
  0x00007f48900af800 VMThread [stack: 0x00007f3577677000,0x00007f3577778000] [id=23533]
  0x00007f48900ee800 WatcherThread [stack: 0x00007f35749e7000,0x00007f3574ae8000] [id=23540]

VM state:synchronizing (normal execution)

VM Mutex/Monitor currently owned by a thread:  ([mutex/lock_event])
[0x00007f4890004d70] Safepoint_lock - owner thread: 0x00007f48900af800
[0x00007f4890004df0] Threads_lock - owner thread: 0x00007f48900af800
[0x00007f48900052f0] Heap_lock - owner thread: 0x00007f4890142000

Heap
 PSYoungGen      total 12109376K, used 12109328K [0x00007f4237ab0000, 0x00007f47db870000, 0x00007f488d000000)
  eden space 12053952K, 100% used [0x00007f4237ab0000,0x00007f4517620000,0x00007f4517620000)
  from space 55424K, 99% used [0x00007f47cd3e0000,0x00007f47d09f4060,0x00007f47d0a00000)
  to   space 118400K, 0% used [0x00007f47d44d0000,0x00007f47d44d0000,0x00007f47db870000)
 PSOldGen        total 994432K, used 277420K [0x00007f358d000000, 0x00007f35c9b20000, 0x00007f4237ab0000)
  object space 994432K, 27% used [0x00007f358d000000,0x00007f359deeb188,0x00007f35c9b20000)
 PSPermGen       total 21248K, used 3649K [0x00007f3587c00000, 0x00007f35890c0000, 0x00007f358d000000)
  object space 21248K, 17% used [0x00007f3587c00000,0x00007f3587f90550,0x00007f35890c0000)

Dynamic libraries:
40000000-40009000 r-xp 00000000 00:25 4518898988                         /oicr/x86_64/lib/jvm/jdk1.6.0_21/bin/java
40108000-4010a000 rwxp 00008000 00:25 4518898988                         /oicr/x86_64/lib/jvm/jdk1.6.0_21/bin/java
41c5d000-41c7e000 rwxp 00000000 00:00 0                                  [heap]
7f3498000000-7f3498021000 rwxp 00000000 00:00 0 
7f3498021000-7f349c000000 ---p 00000000 00:00 0 
7f349c000000-7f349c021000 rwxp 00000000 00:00 0 
7f349c021000-7f34a0000000 ---p 00000000 00:00 0 
7f34a0000000-7f34a0021000 rwxp 00000000 00:00 0 
7f34a0021000-7f34a4000000 ---p 00000000 00:00 0 
7f34a61fd000-7f34a6bfe000 rwxp 00000000 00:00 0 
7f34a6bfe000-7f34a6c01000 ---p 00000000 00:00 0 
7f34a6c01000-7f34a75ff000 rwxp 00000000 00:00 0 
7f34a75ff000-7f34a7602000 ---p 00000000 00:00 0 
7f34a7602000-7f34a8000000 rwxp 00000000 00:00 0 
7f34a8000000-7f34a8021000 rwxp 00000000 00:00 0 
7f34a8021000-7f34ac000000 ---p 00000000 00:00 0 
7f34ac000000-7f34ac021000 rwxp 00000000 00:00 0 
7f34ac021000-7f34b0000000 ---p 00000000 00:00 0 
7f34b0000000-7f34b0021000 rwxp 00000000 00:00 0 
7f34b0021000-7f34b4000000 ---p 00000000 00:00 0 
7f34b4000000-7f34b4021000 rwxp 00000000 00:00 0 
7f34b4021000-7f34b8000000 ---p 00000000 00:00 0 
7f34b8000000-7f34b8021000 rwxp 00000000 00:00 0 
7f34b8021000-7f34bc000000 ---p 00000000 00:00 0 
7f34bc000000-7f34bc021000 rwxp 00000000 00:00 0 
7f34bc021000-7f34c0000000 ---p 00000000 00:00 0 
7f34c03fa000-7f34c03fd000 ---p 00000000 00:00 0 
7f34c03fd000-7f34c0dfb000 rwxp 00000000 00:00 0 
7f34c0dfb000-7f34c0dfe000 ---p 00000000 00:00 0 
7f34c0dfe000-7f34c17fc000 rwxp 00000000 00:00 0 
7f34c17fc000-7f34c17ff000 ---p 00000000 00:00 0 
7f34c17ff000-7f34c21fd000 rwxp 00000000 00:00 0 
7f34c21fd000-7f34c2200000 ---p 00000000 00:00 0 
7f34c2200000-7f34c2bfe000 rwxp 00000000 00:00 0 
7f34c2bfe000-7f34c2c01000 ---p 00000000 00:00 0 
7f34c2c01000-7f34c35ff000 rwxp 00000000 00:00 0 
7f34c35ff000-7f34c3602000 ---p 00000000 00:00 0 
7f34c3602000-7f34c4000000 rwxp 00000000 00:00 0 
7f34c4000000-7f34c4021000 rwxp 00000000 00:00 0 
7f34c4021000-7f34c8000000 ---p 00000000 00:00 0 
7f34c8000000-7f34c8021000 rwxp 00000000 00:00 0 
7f34c8021000-7f34cc000000 ---p 00000000 00:00 0 
7f34cc000000-7f34cc021000 rwxp 00000000 00:00 0 
7f34cc021000-7f34d0000000 ---p 00000000 00:00 0 
7f34d0000000-7f34d0021000 rwxp 00000000 00:00 0 
7f34d0021000-7f34d4000000 ---p 00000000 00:00 0 
7f34d4000000-7f34d4021000 rwxp 00000000 00:00 0 
7f34d4021000-7f34d8000000 ---p 00000000 00:00 0 
7f34d8000000-7f34d8021000 rwxp 00000000 00:00 0 
7f34d8021000-7f34dc000000 ---p 00000000 00:00 0 
7f34dc3fa000-7f34dc3fd000 ---p 00000000 00:00 0 
7f34dc3fd000-7f34dcdfb000 rwxp 00000000 00:00 0 
7f34dcdfb000-7f34dcdfe000 ---p 00000000 00:00 0 
7f34dcdfe000-7f34dd7fc000 rwxp 00000000 00:00 0 
7f34dd7fc000-7f34dd7ff000 ---p 00000000 00:00 0 
7f34dd7ff000-7f34de1fd000 rwxp 00000000 00:00 0 
7f34de1fd000-7f34de200000 ---p 00000000 00:00 0 
7f34de200000-7f34debfe000 rwxp 00000000 00:00 0 
7f34debfe000-7f34dec01000 ---p 00000000 00:00 0 
7f34dec01000-7f34df5ff000 rwxp 00000000 00:00 0 
7f34df5ff000-7f34df602000 ---p 00000000 00:00 0 
7f34df602000-7f34e0000000 rwxp 00000000 00:00 0 
7f34e0000000-7f34e0021000 rwxp 00000000 00:00 0 
7f34e0021000-7f34e4000000 ---p 00000000 00:00 0 
7f34e4000000-7f34e4021000 rwxp 00000000 00:00 0 
7f34e4021000-7f34e8000000 ---p 00000000 00:00 0 
7f34e8000000-7f34e8021000 rwxp 00000000 00:00 0 
7f34e8021000-7f34ec000000 ---p 00000000 00:00 0 
7f34ec000000-7f34ec021000 rwxp 00000000 00:00 0 
7f34ec021000-7f34f0000000 ---p 00000000 00:00 0 
7f34f0000000-7f34f0021000 rwxp 00000000 00:00 0 
7f34f0021000-7f34f4000000 ---p 00000000 00:00 0 
7f34f43fa000-7f34f43fd000 ---p 00000000 00:00 0 
7f34f43fd000-7f34f4dfb000 rwxp 00000000 00:00 0 
7f34f4dfb000-7f34f4dfe000 ---p 00000000 00:00 0 
7f34f4dfe000-7f34f57fc000 rwxp 00000000 00:00 0 
7f34f57fc000-7f34f57ff000 ---p 00000000 00:00 0 
7f34f57ff000-7f34f61fd000 rwxp 00000000 00:00 0 
7f34f61fd000-7f34f6200000 ---p 00000000 00:00 0 
7f34f6200000-7f34f6bfe000 rwxp 00000000 00:00 0 
7f34f6bfe000-7f34f6c01000 ---p 00000000 00:00 0 
7f34f6c01000-7f34f75ff000 rwxp 00000000 00:00 0 
7f34f75ff000-7f34f7602000 ---p 00000000 00:00 0 
7f34f7602000-7f34f8000000 rwxp 00000000 00:00 0 
7f34f8000000-7f34f8021000 rwxp 00000000 00:00 0 
7f34f8021000-7f34fc000000 ---p 00000000 00:00 0 
7f34fc000000-7f34fc021000 rwxp 00000000 00:00 0 
7f34fc021000-7f3500000000 ---p 00000000 00:00 0 
7f3500000000-7f3500c82000 rwxp 00000000 00:00 0 
7f3500c82000-7f3504000000 ---p 00000000 00:00 0 
7f3504000000-7f35062eb000 rwxp 00000000 00:00 0 
7f35062eb000-7f3508000000 ---p 00000000 00:00 0 
7f3508000000-7f3508021000 rwxp 00000000 00:00 0 
7f3508021000-7f350c000000 ---p 00000000 00:00 0 
7f350c000000-7f350c021000 rwxp 00000000 00:00 0 
7f350c021000-7f3510000000 ---p 00000000 00:00 0 
7f3510000000-7f3510f2f000 rwxp 00000000 00:00 0 
7f3510f2f000-7f3514000000 ---p 00000000 00:00 0 
7f3514000000-7f3514021000 rwxp 00000000 00:00 0 
7f3514021000-7f3518000000 ---p 00000000 00:00 0 
7f3518000000-7f3518155000 rwxp 00000000 00:00 0 
7f3518155000-7f351c000000 ---p 00000000 00:00 0 
7f351c000000-7f351c0e1000 rwxp 00000000 00:00 0 
7f351c0e1000-7f3520000000 ---p 00000000 00:00 0 
7f3520000000-7f35200fa000 rwxp 00000000 00:00 0 
7f35200fa000-7f3524000000 ---p 00000000 00:00 0 
7f3524000000-7f352411b000 rwxp 00000000 00:00 0 
7f352411b000-7f3528000000 ---p 00000000 00:00 0 
7f3528000000-7f3528021000 rwxp 00000000 00:00 0 
7f3528021000-7f352c000000 ---p 00000000 00:00 0 
7f352c000000-7f352c090000 rwxp 00000000 00:00 0 
7f352c090000-7f3530000000 ---p 00000000 00:00 0 
7f3530000000-7f3530094000 rwxp 00000000 00:00 0 
7f3530094000-7f3534000000 ---p 00000000 00:00 0 
7f3534000000-7f35340d2000 rwxp 00000000 00:00 0 
7f35340d2000-7f3538000000 ---p 00000000 00:00 0 
7f3538000000-7f35380ef000 rwxp 00000000 00:00 0 
7f35380ef000-7f353c000000 ---p 00000000 00:00 0 
7f353c000000-7f353c0ea000 rwxp 00000000 00:00 0 
7f353c0ea000-7f3540000000 ---p 00000000 00:00 0 
7f3540000000-7f3540028000 rwxp 00000000 00:00 0 
7f3540028000-7f3544000000 ---p 00000000 00:00 0 
7f3544000000-7f35441fa000 rwxp 00000000 00:00 0 
7f35441fa000-7f3548000000 ---p 00000000 00:00 0 
7f3548000000-7f354815f000 rwxp 00000000 00:00 0 
7f354815f000-7f354c000000 ---p 00000000 00:00 0 
7f354c000000-7f354c049000 rwxp 00000000 00:00 0 
7f354c049000-7f3550000000 ---p 00000000 00:00 0 
7f3550000000-7f355008a000 rwxp 00000000 00:00 0 
7f355008a000-7f3554000000 ---p 00000000 00:00 0 
7f3554000000-7f355402d000 rwxp 00000000 00:00 0 
7f355402d000-7f3558000000 ---p 00000000 00:00 0 
7f3558000000-7f3558021000 rwxp 00000000 00:00 0 
7f3558021000-7f355c000000 ---p 00000000 00:00 0 
7f355c000000-7f355c03b000 rwxp 00000000 00:00 0 
7f355c03b000-7f3560000000 ---p 00000000 00:00 0 
7f3560000000-7f3560108000 rwxp 00000000 00:00 0 
7f3560108000-7f3564000000 ---p 00000000 00:00 0 
7f3564000000-7f35640a7000 rwxp 00000000 00:00 0 
7f35640a7000-7f3568000000 ---p 00000000 00:00 0 
7f3568000000-7f3568021000 rwxp 00000000 00:00 0 
7f3568021000-7f356c000000 ---p 00000000 00:00 0 
7f356c000000-7f356c0f8000 rwxp 00000000 00:00 0 
7f356c0f8000-7f3570000000 ---p 00000000 00:00 0 
7f3570000000-7f357002c000 rwxp 00000000 00:00 0 
7f357002c000-7f3574000000 ---p 00000000 00:00 0 
7f35749e7000-7f35749e8000 ---p 00000000 00:00 0 
7f35749e8000-7f3574ae8000 rwxp 00000000 00:00 0 
7f3574ae8000-7f3574aeb000 ---p 00000000 00:00 0 
7f3574aeb000-7f35754e9000 rwxp 00000000 00:00 0 
7f35754e9000-7f35754ec000 ---p 00000000 00:00 0 
7f35754ec000-7f35755ea000 rwxp 00000000 00:00 0 
7f35755ea000-7f35755ed000 ---p 00000000 00:00 0 
7f35755ed000-7f35756eb000 rwxp 00000000 00:00 0 
7f35756eb000-7f35756ee000 ---p 00000000 00:00 0 
7f35756ee000-7f35760ec000 rwxp 00000000 00:00 0 
7f35760ec000-7f3576275000 r-xp 00000000 09:00 1708784                    /usr/lib/locale/locale-archive
7f3576275000-7f3576278000 ---p 00000000 00:00 0 
7f3576278000-7f3576c76000 rwxp 00000000 00:00 0 
7f3576c76000-7f3576c79000 ---p 00000000 00:00 0 
7f3576c79000-7f3577677000 rwxp 00000000 00:00 0 
7f3577677000-7f3577678000 ---p 00000000 00:00 0 
7f3577678000-7f3577e7f000 rwxp 00000000 00:00 0 
7f3577e7f000-7f3578065000 rwxp 00000000 00:00 0 
7f3578065000-7f357812a000 ---p 00000000 00:00 0 
7f357812a000-7f357e3d5000 rwxp 00000000 00:00 0 
7f357e3d5000-7f357e3e0000 rwxp 00000000 00:00 0 
7f357e3e0000-7f357e3ff000 rwxp 00000000 00:00 0 
7f357e3ff000-7f357e5e5000 rwxp 00000000 00:00 0 
7f357e5e5000-7f357e6aa000 ---p 00000000 00:00 0 
7f357e6aa000-7f3584954000 rwxp 00000000 00:00 0 
7f3584954000-7f3587674000 rwxp 00000000 00:00 0 
7f3587674000-7f3587bf7000 ---p 00000000 00:00 0 
7f3587bf7000-7f3587bff000 rwxp 00000000 00:00 0 
7f3587bff000-7f35890c0000 rwxp 00000000 00:00 0 
7f35890c0000-7f358d000000 rwxp 00000000 00:00 0 
7f358d000000-7f35c9b20000 rwxp 00000000 00:00 0 
7f35c9b20000-7f35e2560000 ---p 00000000 00:00 0 
7f35e2560000-7f4237ab0000 rwxp 00000000 00:00 0 
7f4237ab0000-7f47db870000 rwxp 00000000 00:00 0 
7f47db870000-7f488bec0000 ---p 00000000 00:00 0 
7f488bec0000-7f488d000000 rwxp 00000000 00:00 0 
7f488d000000-7f488d270000 rwxp 00000000 00:00 0 
7f488d270000-7f48901a2000 rwxp 00000000 00:00 0 
7f48901a2000-7f4894000000 ---p 00000000 00:00 0 
7f489405d000-7f489516e000 rwxp 00000000 00:00 0 
7f489516e000-7f4895305000 r-xs 03014000 00:25 4518903250                 /oicr/x86_64/lib/jvm/jdk1.6.0_21/jre/lib/rt.jar
7f4895305000-7f4895306000 ---p 00000000 00:00 0 
7f4895306000-7f4895406000 rwxp 00000000 00:00 0 
7f4895406000-7f4895407000 ---p 00000000 00:00 0 
7f4895407000-7f4895507000 rwxp 00000000 00:00 0 
7f4895507000-7f4895508000 ---p 00000000 00:00 0 
7f4895508000-7f4895608000 rwxp 00000000 00:00 0 
7f4895608000-7f4895609000 ---p 00000000 00:00 0 
7f4895609000-7f4895709000 rwxp 00000000 00:00 0 
7f4895709000-7f489570a000 ---p 00000000 00:00 0 
7f489570a000-7f489580a000 rwxp 00000000 00:00 0 
7f489580a000-7f489580b000 ---p 00000000 00:00 0 
7f489580b000-7f489590b000 rwxp 00000000 00:00 0 
7f489590b000-7f489590c000 ---p 00000000 00:00 0 
7f489590c000-7f4895a0c000 rwxp 00000000 00:00 0 
7f4895a0c000-7f4895a0d000 ---p 00000000 00:00 0 
7f4895a0d000-7f4895b0d000 rwxp 00000000 00:00 0 
7f4895b0d000-7f4895b0e000 ---p 00000000 00:00 0 
7f4895b0e000-7f4895c0e000 rwxp 00000000 00:00 0 
7f4895c0e000-7f4895c0f000 ---p 00000000 00:00 0 
7f4895c0f000-7f4895d0f000 rwxp 00000000 00:00 0 
7f4895d0f000-7f4895d10000 ---p 00000000 00:00 0 
7f4895d10000-7f4895e10000 rwxp 00000000 00:00 0 
7f4895e10000-7f4895e11000 ---p 00000000 00:00 0 
7f4895e11000-7f4895f11000 rwxp 00000000 00:00 0 
7f4895f11000-7f4895f12000 ---p 00000000 00:00 0 
7f4895f12000-7f4896012000 rwxp 00000000 00:00 0 
7f4896012000-7f4896013000 ---p 00000000 00:00 0 
7f4896013000-7f4896113000 rwxp 00000000 00:00 0 
7f4896113000-7f4896114000 ---p 00000000 00:00 0 
7f4896114000-7f4896214000 rwxp 00000000 00:00 0 
7f4896214000-7f4896215000 ---p 00000000 00:00 0 
7f4896215000-7f4896315000 rwxp 00000000 00:00 0 
7f4896315000-7f4896316000 ---p 00000000 00:00 0 
7f4896316000-7f4896416000 rwxp 00000000 00:00 0 
7f4896416000-7f4896417000 ---p 00000000 00:00 0 
7f4896417000-7f4896517000 rwxp 00000000 00:00 0 
7f4896517000-7f4896518000 ---p 00000000 00:00 0 
7f4896518000-7f4896618000 rwxp 00000000 00:00 0 
7f4896618000-7f4896619000 ---p 00000000 00:00 0 
7f4896619000-7f4896719000 rwxp 00000000 00:00 0 
7f4896719000-7f489671a000 ---p 00000000 00:00 0 
7f489671a000-7f489681a000 rwxp 00000000 00:00 0 
7f489681a000-7f489681b000 ---p 00000000 00:00 0 
7f489681b000-7f489691b000 rwxp 00000000 00:00 0 
7f489691b000-7f489691c000 ---p 00000000 00:00 0 
7f489691c000-7f4896a1c000 rwxp 00000000 00:00 0 
7f4896a1c000-7f4896a26000 rwxp 00000000 00:00 0 
7f4896a26000-7f4896adc000 rwxp 00000000 00:00 0 
7f4896adc000-7f4896aea000 r-xp 00000000 00:25 4518903452                 /oicr/x86_64/lib/jvm/jdk1.6.0_21/jre/lib/amd64/libzip.so
7f4896aea000-7f4896bec000 ---p 0000e000 00:25 4518903452                 /oicr/x86_64/lib/jvm/jdk1.6.0_21/jre/lib/amd64/libzip.so
7f4896bec000-7f4896bef000 rwxp 00010000 00:25 4518903452                 /oicr/x86_64/lib/jvm/jdk1.6.0_21/jre/lib/amd64/libzip.so
7f4896bef000-7f4896bf0000 rwxp 00000000 00:00 0 
7f4896bf0000-7f4896bf7000 r-xp 00000000 00:25 4518903493                 /oicr/x86_64/lib/jvm/jdk1.6.0_21/jre/lib/amd64/native_threads/libhpi.so
7f4896bf7000-7f4896cf8000 ---p 00007000 00:25 4518903493                 /oicr/x86_64/lib/jvm/jdk1.6.0_21/jre/lib/amd64/native_threads/libhpi.so
7f4896cf8000-7f4896cfa000 rwxp 00008000 00:25 4518903493                 /oicr/x86_64/lib/jvm/jdk1.6.0_21/jre/lib/amd64/native_threads/libhpi.so
7f4896cfa000-7f4896cfb000 rwxp 00000000 00:00 0 
7f4896cfb000-7f4896d10000 r-xp 00000000 09:00 131826                     /lib/x86_64-linux-gnu/libnsl-2.19.so
7f4896d10000-7f4896f0f000 ---p 00015000 09:00 131826                     /lib/x86_64-linux-gnu/libnsl-2.19.so
7f4896f0f000-7f4896f10000 r-xp 00014000 09:00 131826                     /lib/x86_64-linux-gnu/libnsl-2.19.so
7f4896f10000-7f4896f11000 rwxp 00015000 09:00 131826                     /lib/x86_64-linux-gnu/libnsl-2.19.so
7f4896f11000-7f4896f13000 rwxp 00000000 00:00 0 
7f4896f13000-7f4896f3b000 r-xp 00000000 00:25 4518903399                 /oicr/x86_64/lib/jvm/jdk1.6.0_21/jre/lib/amd64/libjava.so
7f4896f3b000-7f489703b000 ---p 00028000 00:25 4518903399                 /oicr/x86_64/lib/jvm/jdk1.6.0_21/jre/lib/amd64/libjava.so
7f489703b000-7f4897042000 rwxp 00028000 00:25 4518903399                 /oicr/x86_64/lib/jvm/jdk1.6.0_21/jre/lib/amd64/libjava.so
7f4897042000-7f489704f000 r-xp 00000000 00:25 4518903450                 /oicr/x86_64/lib/jvm/jdk1.6.0_21/jre/lib/amd64/libverify.so
7f489704f000-7f489714e000 ---p 0000d000 00:25 4518903450                 /oicr/x86_64/lib/jvm/jdk1.6.0_21/jre/lib/amd64/libverify.so
7f489714e000-7f4897151000 rwxp 0000c000 00:25 4518903450                 /oicr/x86_64/lib/jvm/jdk1.6.0_21/jre/lib/amd64/libverify.so
7f4897151000-7f4897158000 r-xp 00000000 09:00 131984                     /lib/x86_64-linux-gnu/librt-2.19.so
7f4897158000-7f4897357000 ---p 00007000 09:00 131984                     /lib/x86_64-linux-gnu/librt-2.19.so
7f4897357000-7f4897358000 r-xp 00006000 09:00 131984                     /lib/x86_64-linux-gnu/librt-2.19.so
7f4897358000-7f4897359000 rwxp 00007000 09:00 131984                     /lib/x86_64-linux-gnu/librt-2.19.so
7f4897359000-7f489735c000 ---p 00000000 00:00 0 
7f489735c000-7f489745a000 rwxp 00000000 00:00 0 
7f489745a000-7f489755a000 r-xp 00000000 09:00 131823                     /lib/x86_64-linux-gnu/libm-2.19.so
7f489755a000-7f4897759000 ---p 00100000 09:00 131823                     /lib/x86_64-linux-gnu/libm-2.19.so
7f4897759000-7f489775a000 r-xp 000ff000 09:00 131823                     /lib/x86_64-linux-gnu/libm-2.19.so
7f489775a000-7f489775b000 rwxp 00100000 09:00 131823                     /lib/x86_64-linux-gnu/libm-2.19.so
7f489775b000-7f4897f35000 r-xp 00000000 00:25 4518903498                 /oicr/x86_64/lib/jvm/jdk1.6.0_21/jre/lib/amd64/server/libjvm.so
7f4897f35000-7f4898037000 ---p 007da000 00:25 4518903498                 /oicr/x86_64/lib/jvm/jdk1.6.0_21/jre/lib/amd64/server/libjvm.so
7f4898037000-7f48981c8000 rwxp 007dc000 00:25 4518903498                 /oicr/x86_64/lib/jvm/jdk1.6.0_21/jre/lib/amd64/server/libjvm.so
7f48981c8000-7f4898203000 rwxp 00000000 00:00 0 
7f4898203000-7f48983a4000 r-xp 00000000 09:00 131469                     /lib/x86_64-linux-gnu/libc-2.19.so
7f48983a4000-7f48985a4000 ---p 001a1000 09:00 131469                     /lib/x86_64-linux-gnu/libc-2.19.so
7f48985a4000-7f48985a8000 r-xp 001a1000 09:00 131469                     /lib/x86_64-linux-gnu/libc-2.19.so
7f48985a8000-7f48985aa000 rwxp 001a5000 09:00 131469                     /lib/x86_64-linux-gnu/libc-2.19.so
7f48985aa000-7f48985ae000 rwxp 00000000 00:00 0 
7f48985ae000-7f48985b1000 r-xp 00000000 09:00 131820                     /lib/x86_64-linux-gnu/libdl-2.19.so
7f48985b1000-7f48987b0000 ---p 00003000 09:00 131820                     /lib/x86_64-linux-gnu/libdl-2.19.so
7f48987b0000-7f48987b1000 r-xp 00002000 09:00 131820                     /lib/x86_64-linux-gnu/libdl-2.19.so
7f48987b1000-7f48987b2000 rwxp 00003000 09:00 131820                     /lib/x86_64-linux-gnu/libdl-2.19.so
7f48987b2000-7f48987ca000 r-xp 00000000 09:00 131459                     /lib/x86_64-linux-gnu/libpthread-2.19.so
7f48987ca000-7f48989c9000 ---p 00018000 09:00 131459                     /lib/x86_64-linux-gnu/libpthread-2.19.so
7f48989c9000-7f48989ca000 r-xp 00017000 09:00 131459                     /lib/x86_64-linux-gnu/libpthread-2.19.so
7f48989ca000-7f48989cb000 rwxp 00018000 09:00 131459                     /lib/x86_64-linux-gnu/libpthread-2.19.so
7f48989cb000-7f48989cf000 rwxp 00000000 00:00 0 
7f48989cf000-7f48989f0000 r-xp 00000000 09:00 131462                     /lib/x86_64-linux-gnu/ld-2.19.so
7f48989fe000-7f4898a42000 r-xs 00303000 00:25 15113199254                /.mounts/labs/reimandlab/private/users/thuang/HyperModules_1.0.2_CMD/HyperModulesCMD-1.0.2.jar
7f4898a42000-7f4898a76000 rwxp 00000000 00:00 0 
7f4898a76000-7f4898a81000 rwxp 00000000 00:00 0 
7f4898a81000-7f4898aa0000 rwxp 00000000 00:00 0 
7f4898aa0000-7f4898aa8000 rwxs 00000000 09:01 25434943                   /var/oicr/tmp/hsperfdata_t2huang/23508
7f4898aa8000-7f4898add000 r-xs 00000000 09:01 21758031                   /var/cache/nscd/passwd
7f4898add000-7f4898ade000 rwxp 00000000 00:00 0 
7f4898ade000-7f4898adf000 ---p 00000000 00:00 0 
7f4898adf000-7f4898ae2000 rwxp 00000000 00:00 0 
7f4898ae2000-7f4898ae9000 r-xp 00000000 00:25 4518903456                 /oicr/x86_64/lib/jvm/jdk1.6.0_21/jre/lib/amd64/jli/libjli.so
7f4898ae9000-7f4898bea000 ---p 00007000 00:25 4518903456                 /oicr/x86_64/lib/jvm/jdk1.6.0_21/jre/lib/amd64/jli/libjli.so
7f4898bea000-7f4898bec000 rwxp 00008000 00:25 4518903456                 /oicr/x86_64/lib/jvm/jdk1.6.0_21/jre/lib/amd64/jli/libjli.so
7f4898bec000-7f4898bef000 rwxp 00000000 00:00 0 
7f4898bef000-7f4898bf0000 r-xp 00020000 09:00 131462                     /lib/x86_64-linux-gnu/ld-2.19.so
7f4898bf0000-7f4898bf1000 rwxp 00021000 09:00 131462                     /lib/x86_64-linux-gnu/ld-2.19.so
7f4898bf1000-7f4898bf2000 rwxp 00000000 00:00 0 
7fff41dc1000-7fff41de3000 rwxp 00000000 00:00 0                          [stack]
7fff41ded000-7fff41def000 r--p 00000000 00:00 0                          [vvar]
7fff41def000-7fff41df1000 r-xp 00000000 00:00 0                          [vdso]
ffffffffff600000-ffffffffff601000 r-xp 00000000 00:00 0                  [vsyscall]

VM Arguments:
jvm_args: -Xmx76G -Xss10M 
java_command: /.mounts/labs/reimandlab/private/users/thuang/HyperModules_1.0.2_CMD/HyperModulesCMD-1.0.2.jar -n /.mounts/labs/reimandlab/private/users/thuang/data_3/04-02-18/biogrid_networks/Sarcoma/Sarcoma_7.tsv -s /.mounts/labs/reimandlab/private/users/thuang/data_2/02-19-18/mutation_data/mut_Sarcoma_hugo.csv -c /.mounts/labs/reimandlab/private/users/thuang/data_2/02-19-18/clinical_data/Sarcoma_clin.csv -S 0 -t logrank
Launcher Type: SUN_STANDARD

Environment Variables:
JAVA_HOME=/oicr/local/lib/jvm/jdk1.6.0_21
_JAVA_OPTIONS=-Xmx76G -Xss10M
PATH=/oicr/local/lib/jvm/jdk1.6.0_21/bin:/tmp/3691943.1.high_mem:/u/t2huang/bin:/oicr/local/lib/jvm/jdk1.6.0_10/bin:/opt/ogs2011.11/bin/linux-x64:/usr/local/bin:/usr/bin:/bin:/usr/local/games:/usr/games:/oicr/cluster/bin:/oicr/cluster/sbin:/oicr/cluster/openmpi/bin:/oicr/local/bin:/oicr/local/sbin:/oicr/local/analysis/bin:/u/t2huang/.local/bin
LD_LIBRARY_PATH=/oicr/x86_64/lib/jvm/jdk1.6.0_21/jre/lib/amd64/server:/oicr/x86_64/lib/jvm/jdk1.6.0_21/jre/lib/amd64:/oicr/x86_64/lib/jvm/jdk1.6.0_21/jre/../lib/amd64:/usr/local/lib:/lib/x86_64-linux-gnu:/usr/lib/x86_64-linux-gnu:/usr/lib:/usr/lib/x86_64-linux-gnu:/oicr/cluster/openmpi/lib:/oicr/local/lib:/oicr/local/analysis/lib
SHELL=/bin/bash

Signal Handlers:
SIGSEGV: [libjvm.so+0x7311c0], sa_mask[0]=0x7ffbfeff, sa_flags=0x10000004
SIGBUS: [libjvm.so+0x7311c0], sa_mask[0]=0x7ffbfeff, sa_flags=0x10000004
SIGFPE: [libjvm.so+0x5f5da0], sa_mask[0]=0x7ffbfeff, sa_flags=0x10000004
SIGPIPE: [libjvm.so+0x5f5da0], sa_mask[0]=0x7ffbfeff, sa_flags=0x10000004
SIGXFSZ: [libjvm.so+0x5f5da0], sa_mask[0]=0x7ffbfeff, sa_flags=0x10000004
SIGILL: [libjvm.so+0x5f5da0], sa_mask[0]=0x7ffbfeff, sa_flags=0x10000004
SIGUSR1: SIG_DFL, sa_mask[0]=0x00000000, sa_flags=0x00000000
SIGUSR2: [libjvm.so+0x5f85c0], sa_mask[0]=0x00000000, sa_flags=0x10000004
SIGHUP: [libjvm.so+0x5f8310], sa_mask[0]=0x7ffbfeff, sa_flags=0x10000004
SIGINT: [libjvm.so+0x5f8310], sa_mask[0]=0x7ffbfeff, sa_flags=0x10000004
SIGTERM: [libjvm.so+0x5f8310], sa_mask[0]=0x7ffbfeff, sa_flags=0x10000004
SIGQUIT: [libjvm.so+0x5f8310], sa_mask[0]=0x7ffbfeff, sa_flags=0x10000004


---------------  S Y S T E M  ---------------

OS:8.8

uname:Linux 4.9.0-0.bpo.5-amd64 #1 SMP Debian 4.9.65-3+deb9u2~bpo8+1 (2017-01-05) x86_64
libc:glibc 2.19 NPTL 2.19 
rlimit: STACK 262144k, CORE infinity, NPROC 1031330, NOFILE 16384, AS 83886080k
load average:1.24 1.07 1.02

CPU:total 32 (8 cores per cpu, 2 threads per core) family 6 model 79 stepping 1, cmov, cx8, fxsr, mmx, sse, sse2, sse3, ssse3, sse4.1, sse4.2, popcnt, ht

Memory: 4k page, physical 264043060k(1732616k free), swap 0k(0k free)

vm_info: Java HotSpot(TM) 64-Bit Server VM (17.0-b16) for linux-amd64 JRE (1.6.0_21-b06), built on Jun 22 2010 01:10:00 by "java_re" with gcc 3.2.2 (SuSE Linux)

time: Thu Apr 12 00:14:46 2018
elapsed time: 3552 seconds

