#
# A fatal error has been detected by the Java Runtime Environment:
#
# java.lang.OutOfMemoryError: pthread_getattr_np
#
#  Internal Error (os_linux_x86.cpp:681), pid=8672, tid=140084084983552
#  Error: pthread_getattr_np
#
# JRE version: 6.0_21-b06
# Java VM: Java HotSpot(TM) 64-Bit Server VM (17.0-b16 mixed mode linux-amd64 )
# If you would like to submit a bug report, please visit:
#   http://java.sun.com/webapps/bugreport/crash.jsp
#

---------------  T H R E A D  ---------------

Current thread (0x00007f7bc414c000):  JavaThread "pool-1-thread-21" [_thread_new, id=8749, stack(0x0000000000000000,0x0000000000000000)]

Stack: [0x0000000000000000,0x0000000000000000],  sp=0x00007f67de1fbb80,  free space=d9f787ee0000000000000018k
Native frames: (J=compiled Java code, j=interpreted, Vv=VM code, C=native code)
V  [libjvm.so+0x730610]
V  [libjvm.so+0x2f3168]
V  [libjvm.so+0x5f9e73]
V  [libjvm.so+0x5f9aa5]
V  [libjvm.so+0x6ee363]
V  [libjvm.so+0x5f80df]


---------------  P R O C E S S  ---------------

Java Threads: ( => current thread )
=>0x00007f7bc414c000 JavaThread "pool-1-thread-21" [_thread_new, id=8749, stack(0x0000000000000000,0x0000000000000000)]
  0x00007f7bc412f800 JavaThread "pool-1-thread-20" [_thread_in_Java, id=8748, stack(0x00007f67de1fd000,0x00007f67debfe000)]
  0x00007f7bc412d800 JavaThread "pool-1-thread-19" [_thread_in_vm, id=8747, stack(0x00007f67debfe000,0x00007f67df5ff000)]
  0x00007f7bc412b800 JavaThread "pool-1-thread-18" [_thread_in_vm, id=8746, stack(0x00007f67df5ff000,0x00007f67e0000000)]
  0x00007f7bc4129800 JavaThread "pool-1-thread-17" [_thread_in_vm, id=8745, stack(0x00007f67f83fa000,0x00007f67f8dfb000)]
  0x00007f7bc4127800 JavaThread "pool-1-thread-16" [_thread_in_vm, id=8744, stack(0x00007f67f8dfb000,0x00007f67f97fc000)]
  0x00007f7bc4125800 JavaThread "pool-1-thread-15" [_thread_in_vm, id=8743, stack(0x00007f67f97fc000,0x00007f67fa1fd000)]
  0x00007f7bc4123800 JavaThread "pool-1-thread-14" [_thread_in_vm, id=8742, stack(0x00007f67fa1fd000,0x00007f67fabfe000)]
  0x00007f7bc4121800 JavaThread "pool-1-thread-13" [_thread_in_vm, id=8741, stack(0x00007f67fabfe000,0x00007f67fb5ff000)]
  0x00007f7bc414a800 JavaThread "pool-1-thread-12" [_thread_in_vm, id=8740, stack(0x00007f67fb5ff000,0x00007f67fc000000)]
  0x00007f7bc4148800 JavaThread "pool-1-thread-11" [_thread_in_vm, id=8739, stack(0x00007f68103fa000,0x00007f6810dfb000)]
  0x00007f7bc4146800 JavaThread "pool-1-thread-10" [_thread_in_vm, id=8738, stack(0x00007f6810dfb000,0x00007f68117fc000)]
  0x00007f7bc4144800 JavaThread "pool-1-thread-9" [_thread_in_vm, id=8737, stack(0x00007f68117fc000,0x00007f68121fd000)]
  0x00007f7bc4142800 JavaThread "pool-1-thread-8" [_thread_in_vm, id=8736, stack(0x00007f68121fd000,0x00007f6812bfe000)]
  0x00007f7bc4140800 JavaThread "pool-1-thread-7" [_thread_in_vm, id=8735, stack(0x00007f6812bfe000,0x00007f68135ff000)]
  0x00007f7bc413e800 JavaThread "pool-1-thread-6" [_thread_in_vm, id=8734, stack(0x00007f68135ff000,0x00007f6814000000)]
  0x00007f7bc40a0000 JavaThread "pool-1-thread-5" [_thread_in_vm, id=8733, stack(0x00007f68303fa000,0x00007f6830dfb000)]
  0x00007f7bc409e000 JavaThread "pool-1-thread-4" [_thread_in_vm, id=8732, stack(0x00007f6830dfb000,0x00007f68317fc000)]
  0x00007f7bc409c800 JavaThread "pool-1-thread-3" [_thread_in_vm, id=8731, stack(0x00007f68317fc000,0x00007f68321fd000)]
  0x00007f7bc409b000 JavaThread "pool-1-thread-2" [_thread_in_vm, id=8730, stack(0x00007f68321fd000,0x00007f6832bfe000)]
  0x00007f7bc4133800 JavaThread "pool-1-thread-1" [_thread_in_vm, id=8729, stack(0x00007f6832bfe000,0x00007f68335ff000)]
  0x00007f7bc40dc000 JavaThread "Low Memory Detector" daemon [_thread_blocked, id=8703, stack(0x00007f68335ff000,0x00007f6834000000)]
  0x00007f7bc40da000 JavaThread "CompilerThread1" daemon [_thread_blocked, id=8702, stack(0x00007f68a8241000,0x00007f68a8342000)]
  0x00007f7bc40d7000 JavaThread "CompilerThread0" daemon [_thread_blocked, id=8701, stack(0x00007f68a8342000,0x00007f68a8443000)]
  0x00007f7bc40d5000 JavaThread "Signal Dispatcher" daemon [_thread_blocked, id=8700, stack(0x00007f68a8443000,0x00007f68a8e44000)]
  0x00007f7bc40b6000 JavaThread "Finalizer" daemon [_thread_blocked, id=8699, stack(0x00007f68a8fcd000,0x00007f68a99ce000)]
  0x00007f7bc40b4000 JavaThread "Reference Handler" daemon [_thread_blocked, id=8698, stack(0x00007f68a99ce000,0x00007f68aa3cf000)]
  0x00007f7bc4006800 JavaThread "main" [_thread_blocked, id=8673, stack(0x00007f7bca06b000,0x00007f7bca16c000)]

Other Threads:
  0x00007f7bc40af800 VMThread [stack: 0x00007f68aa3cf000,0x00007f68aa4d0000] [id=8697]
  0x00007f7bc40ef000 WatcherThread [stack: 0x00007f68a8140000,0x00007f68a8241000] [id=8704]

VM state:synchronizing (normal execution)

VM Mutex/Monitor currently owned by a thread:  ([mutex/lock_event])
[0x00007f7bc4004db0] Safepoint_lock - owner thread: 0x00007f7bc40af800
[0x00007f7bc4004e30] Threads_lock - owner thread: 0x00007f7bc40af800

Heap
 PSYoungGen      total 2821568K, used 2427888K [0x00007f756bab0000, 0x00007f7757020000, 0x00007f7bc1000000)
  eden space 2811648K, 86% used [0x00007f756bab0000,0x00007f75ff40c0f0,0x00007f7617470000)
  from space 9920K, 99% used [0x00007f7756670000,0x00007f7757010048,0x00007f7757020000)
  to   space 24896K, 0% used [0x00007f7753f80000,0x00007f7753f80000,0x00007f77557d0000)
 PSOldGen        total 1398144K, used 72112K [0x00007f68c1000000, 0x00007f6916560000, 0x00007f756bab0000)
  object space 1398144K, 5% used [0x00007f68c1000000,0x00007f68c566c340,0x00007f6916560000)
 PSPermGen       total 21248K, used 3652K [0x00007f68bbc00000, 0x00007f68bd0c0000, 0x00007f68c1000000)
  object space 21248K, 17% used [0x00007f68bbc00000,0x00007f68bbf91008,0x00007f68bd0c0000)

Dynamic libraries:
40000000-40009000 r-xp 00000000 00:26 4518898988                         /oicr/x86_64/lib/jvm/jdk1.6.0_21/bin/java
40108000-4010a000 rwxp 00008000 00:26 4518898988                         /oicr/x86_64/lib/jvm/jdk1.6.0_21/bin/java
402f6000-40317000 rwxp 00000000 00:00 0                                  [heap]
7f67cc000000-7f67cc021000 rwxp 00000000 00:00 0 
7f67cc021000-7f67d0000000 ---p 00000000 00:00 0 
7f67d0000000-7f67d0021000 rwxp 00000000 00:00 0 
7f67d0021000-7f67d4000000 ---p 00000000 00:00 0 
7f67d4000000-7f67d4021000 rwxp 00000000 00:00 0 
7f67d4021000-7f67d8000000 ---p 00000000 00:00 0 
7f67d8000000-7f67d8021000 rwxp 00000000 00:00 0 
7f67d8021000-7f67dc000000 ---p 00000000 00:00 0 
7f67dd7fc000-7f67de1fd000 rwxp 00000000 00:00 0 
7f67de1fd000-7f67de200000 ---p 00000000 00:00 0 
7f67de200000-7f67debfe000 rwxp 00000000 00:00 0 
7f67debfe000-7f67dec01000 ---p 00000000 00:00 0 
7f67dec01000-7f67df5ff000 rwxp 00000000 00:00 0 
7f67df5ff000-7f67df602000 ---p 00000000 00:00 0 
7f67df602000-7f67e0000000 rwxp 00000000 00:00 0 
7f67e0000000-7f67e0021000 rwxp 00000000 00:00 0 
7f67e0021000-7f67e4000000 ---p 00000000 00:00 0 
7f67e4000000-7f67e4021000 rwxp 00000000 00:00 0 
7f67e4021000-7f67e8000000 ---p 00000000 00:00 0 
7f67e8000000-7f67e8021000 rwxp 00000000 00:00 0 
7f67e8021000-7f67ec000000 ---p 00000000 00:00 0 
7f67ec000000-7f67ec021000 rwxp 00000000 00:00 0 
7f67ec021000-7f67f0000000 ---p 00000000 00:00 0 
7f67f0000000-7f67f0021000 rwxp 00000000 00:00 0 
7f67f0021000-7f67f4000000 ---p 00000000 00:00 0 
7f67f4000000-7f67f4021000 rwxp 00000000 00:00 0 
7f67f4021000-7f67f8000000 ---p 00000000 00:00 0 
7f67f83fa000-7f67f83fd000 ---p 00000000 00:00 0 
7f67f83fd000-7f67f8dfb000 rwxp 00000000 00:00 0 
7f67f8dfb000-7f67f8dfe000 ---p 00000000 00:00 0 
7f67f8dfe000-7f67f97fc000 rwxp 00000000 00:00 0 
7f67f97fc000-7f67f97ff000 ---p 00000000 00:00 0 
7f67f97ff000-7f67fa1fd000 rwxp 00000000 00:00 0 
7f67fa1fd000-7f67fa200000 ---p 00000000 00:00 0 
7f67fa200000-7f67fabfe000 rwxp 00000000 00:00 0 
7f67fabfe000-7f67fac01000 ---p 00000000 00:00 0 
7f67fac01000-7f67fb5ff000 rwxp 00000000 00:00 0 
7f67fb5ff000-7f67fb602000 ---p 00000000 00:00 0 
7f67fb602000-7f67fc000000 rwxp 00000000 00:00 0 
7f67fc000000-7f67fc021000 rwxp 00000000 00:00 0 
7f67fc021000-7f6800000000 ---p 00000000 00:00 0 
7f6800000000-7f6800021000 rwxp 00000000 00:00 0 
7f6800021000-7f6804000000 ---p 00000000 00:00 0 
7f6804000000-7f6804021000 rwxp 00000000 00:00 0 
7f6804021000-7f6808000000 ---p 00000000 00:00 0 
7f6808000000-7f6808021000 rwxp 00000000 00:00 0 
7f6808021000-7f680c000000 ---p 00000000 00:00 0 
7f680c000000-7f680c021000 rwxp 00000000 00:00 0 
7f680c021000-7f6810000000 ---p 00000000 00:00 0 
7f68103fa000-7f68103fd000 ---p 00000000 00:00 0 
7f68103fd000-7f6810dfb000 rwxp 00000000 00:00 0 
7f6810dfb000-7f6810dfe000 ---p 00000000 00:00 0 
7f6810dfe000-7f68117fc000 rwxp 00000000 00:00 0 
7f68117fc000-7f68117ff000 ---p 00000000 00:00 0 
7f68117ff000-7f68121fd000 rwxp 00000000 00:00 0 
7f68121fd000-7f6812200000 ---p 00000000 00:00 0 
7f6812200000-7f6812bfe000 rwxp 00000000 00:00 0 
7f6812bfe000-7f6812c01000 ---p 00000000 00:00 0 
7f6812c01000-7f68135ff000 rwxp 00000000 00:00 0 
7f68135ff000-7f6813602000 ---p 00000000 00:00 0 
7f6813602000-7f6814000000 rwxp 00000000 00:00 0 
7f6814000000-7f6814021000 rwxp 00000000 00:00 0 
7f6814021000-7f6818000000 ---p 00000000 00:00 0 
7f6818000000-7f6818021000 rwxp 00000000 00:00 0 
7f6818021000-7f681c000000 ---p 00000000 00:00 0 
7f681c000000-7f681c021000 rwxp 00000000 00:00 0 
7f681c021000-7f6820000000 ---p 00000000 00:00 0 
7f6820000000-7f6820021000 rwxp 00000000 00:00 0 
7f6820021000-7f6824000000 ---p 00000000 00:00 0 
7f6824000000-7f6824021000 rwxp 00000000 00:00 0 
7f6824021000-7f6828000000 ---p 00000000 00:00 0 
7f6828000000-7f6828021000 rwxp 00000000 00:00 0 
7f6828021000-7f682c000000 ---p 00000000 00:00 0 
7f682c000000-7f682c021000 rwxp 00000000 00:00 0 
7f682c021000-7f6830000000 ---p 00000000 00:00 0 
7f68303fa000-7f68303fd000 ---p 00000000 00:00 0 
7f68303fd000-7f6830dfb000 rwxp 00000000 00:00 0 
7f6830dfb000-7f6830dfe000 ---p 00000000 00:00 0 
7f6830dfe000-7f68317fc000 rwxp 00000000 00:00 0 
7f68317fc000-7f68317ff000 ---p 00000000 00:00 0 
7f68317ff000-7f68321fd000 rwxp 00000000 00:00 0 
7f68321fd000-7f6832200000 ---p 00000000 00:00 0 
7f6832200000-7f6832bfe000 rwxp 00000000 00:00 0 
7f6832bfe000-7f6832c01000 ---p 00000000 00:00 0 
7f6832c01000-7f68335ff000 rwxp 00000000 00:00 0 
7f68335ff000-7f6833602000 ---p 00000000 00:00 0 
7f6833602000-7f6834000000 rwxp 00000000 00:00 0 
7f6834000000-7f683636e000 rwxp 00000000 00:00 0 
7f683636e000-7f6838000000 ---p 00000000 00:00 0 
7f6838000000-7f6839120000 rwxp 00000000 00:00 0 
7f6839120000-7f683c000000 ---p 00000000 00:00 0 
7f683c000000-7f683c021000 rwxp 00000000 00:00 0 
7f683c021000-7f6840000000 ---p 00000000 00:00 0 
7f6840000000-7f6840021000 rwxp 00000000 00:00 0 
7f6840021000-7f6844000000 ---p 00000000 00:00 0 
7f6844000000-7f6844021000 rwxp 00000000 00:00 0 
7f6844021000-7f6848000000 ---p 00000000 00:00 0 
7f6848000000-7f6848021000 rwxp 00000000 00:00 0 
7f6848021000-7f684c000000 ---p 00000000 00:00 0 
7f684c000000-7f684c021000 rwxp 00000000 00:00 0 
7f684c021000-7f6850000000 ---p 00000000 00:00 0 
7f6850000000-7f6850021000 rwxp 00000000 00:00 0 
7f6850021000-7f6854000000 ---p 00000000 00:00 0 
7f6854000000-7f6854021000 rwxp 00000000 00:00 0 
7f6854021000-7f6858000000 ---p 00000000 00:00 0 
7f6858000000-7f6858021000 rwxp 00000000 00:00 0 
7f6858021000-7f685c000000 ---p 00000000 00:00 0 
7f685c000000-7f685c021000 rwxp 00000000 00:00 0 
7f685c021000-7f6860000000 ---p 00000000 00:00 0 
7f6860000000-7f6860021000 rwxp 00000000 00:00 0 
7f6860021000-7f6864000000 ---p 00000000 00:00 0 
7f6864000000-7f6864021000 rwxp 00000000 00:00 0 
7f6864021000-7f6868000000 ---p 00000000 00:00 0 
7f6868000000-7f6868021000 rwxp 00000000 00:00 0 
7f6868021000-7f686c000000 ---p 00000000 00:00 0 
7f686c000000-7f686c021000 rwxp 00000000 00:00 0 
7f686c021000-7f6870000000 ---p 00000000 00:00 0 
7f6870000000-7f6870021000 rwxp 00000000 00:00 0 
7f6870021000-7f6874000000 ---p 00000000 00:00 0 
7f6874000000-7f6874021000 rwxp 00000000 00:00 0 
7f6874021000-7f6878000000 ---p 00000000 00:00 0 
7f6878000000-7f6878021000 rwxp 00000000 00:00 0 
7f6878021000-7f687c000000 ---p 00000000 00:00 0 
7f687c000000-7f687c021000 rwxp 00000000 00:00 0 
7f687c021000-7f6880000000 ---p 00000000 00:00 0 
7f6880000000-7f6880021000 rwxp 00000000 00:00 0 
7f6880021000-7f6884000000 ---p 00000000 00:00 0 
7f6884000000-7f6884021000 rwxp 00000000 00:00 0 
7f6884021000-7f6888000000 ---p 00000000 00:00 0 
7f6888000000-7f6888021000 rwxp 00000000 00:00 0 
7f6888021000-7f688c000000 ---p 00000000 00:00 0 
7f688c000000-7f688c021000 rwxp 00000000 00:00 0 
7f688c021000-7f6890000000 ---p 00000000 00:00 0 
7f6890000000-7f6890021000 rwxp 00000000 00:00 0 
7f6890021000-7f6894000000 ---p 00000000 00:00 0 
7f6894000000-7f6894021000 rwxp 00000000 00:00 0 
7f6894021000-7f6898000000 ---p 00000000 00:00 0 
7f6898000000-7f6898021000 rwxp 00000000 00:00 0 
7f6898021000-7f689c000000 ---p 00000000 00:00 0 
7f689c000000-7f689c021000 rwxp 00000000 00:00 0 
7f689c021000-7f68a0000000 ---p 00000000 00:00 0 
7f68a0000000-7f68a0021000 rwxp 00000000 00:00 0 
7f68a0021000-7f68a4000000 ---p 00000000 00:00 0 
7f68a4000000-7f68a4021000 rwxp 00000000 00:00 0 
7f68a4021000-7f68a8000000 ---p 00000000 00:00 0 
7f68a8140000-7f68a8141000 ---p 00000000 00:00 0 
7f68a8141000-7f68a8241000 rwxp 00000000 00:00 0 
7f68a8241000-7f68a8244000 ---p 00000000 00:00 0 
7f68a8244000-7f68a8342000 rwxp 00000000 00:00 0 
7f68a8342000-7f68a8345000 ---p 00000000 00:00 0 
7f68a8345000-7f68a8443000 rwxp 00000000 00:00 0 
7f68a8443000-7f68a8446000 ---p 00000000 00:00 0 
7f68a8446000-7f68a8e44000 rwxp 00000000 00:00 0 
7f68a8e44000-7f68a8fcd000 r-xp 00000000 09:00 2101705                    /usr/lib/locale/locale-archive
7f68a8fcd000-7f68a8fd0000 ---p 00000000 00:00 0 
7f68a8fd0000-7f68a99ce000 rwxp 00000000 00:00 0 
7f68a99ce000-7f68a99d1000 ---p 00000000 00:00 0 
7f68a99d1000-7f68aa3cf000 rwxp 00000000 00:00 0 
7f68aa3cf000-7f68aa3d0000 ---p 00000000 00:00 0 
7f68aa3d0000-7f68abce8000 rwxp 00000000 00:00 0 
7f68abce8000-7f68abe7f000 r-xs 03014000 00:26 4518903250                 /oicr/x86_64/lib/jvm/jdk1.6.0_21/jre/lib/rt.jar
7f68abe7f000-7f68ac12a000 rwxp 00000000 00:00 0 
7f68ac12a000-7f68b23d5000 rwxp 00000000 00:00 0 
7f68b23d5000-7f68b23e0000 rwxp 00000000 00:00 0 
7f68b23e0000-7f68b23ff000 rwxp 00000000 00:00 0 
7f68b23ff000-7f68b26aa000 rwxp 00000000 00:00 0 
7f68b26aa000-7f68b8954000 rwxp 00000000 00:00 0 
7f68b8954000-7f68b98b0000 rwxp 00000000 00:00 0 
7f68b98b0000-7f68b996e000 ---p 00000000 00:00 0 
7f68b996e000-7f68bbbff000 rwxp 00000000 00:00 0 
7f68bbbff000-7f68bd0c0000 rwxp 00000000 00:00 0 
7f68bd0c0000-7f68c1000000 rwxp 00000000 00:00 0 
7f68c1000000-7f6916560000 rwxp 00000000 00:00 0 
7f6916560000-7f756bab0000 rwxp 00000000 00:00 0 
7f756bab0000-7f7757020000 rwxp 00000000 00:00 0 
7f7757020000-7f776ecd0000 ---p 00000000 00:00 0 
7f776ecd0000-7f7bc1000000 rwxp 00000000 00:00 0 
7f7bc1000000-7f7bc1270000 rwxp 00000000 00:00 0 
7f7bc1270000-7f7bc41aa000 rwxp 00000000 00:00 0 
7f7bc41aa000-7f7bc8000000 ---p 00000000 00:00 0 
7f7bc8017000-7f7bc8018000 ---p 00000000 00:00 0 
7f7bc8018000-7f7bc8118000 rwxp 00000000 00:00 0 
7f7bc8118000-7f7bc8119000 ---p 00000000 00:00 0 
7f7bc8119000-7f7bc8219000 rwxp 00000000 00:00 0 
7f7bc8219000-7f7bc821a000 ---p 00000000 00:00 0 
7f7bc821a000-7f7bc831a000 rwxp 00000000 00:00 0 
7f7bc831a000-7f7bc831b000 ---p 00000000 00:00 0 
7f7bc831b000-7f7bc841b000 rwxp 00000000 00:00 0 
7f7bc841b000-7f7bc841c000 ---p 00000000 00:00 0 
7f7bc841c000-7f7bc851c000 rwxp 00000000 00:00 0 
7f7bc851c000-7f7bc851d000 ---p 00000000 00:00 0 
7f7bc851d000-7f7bc861d000 rwxp 00000000 00:00 0 
7f7bc861d000-7f7bc861e000 ---p 00000000 00:00 0 
7f7bc861e000-7f7bc871e000 rwxp 00000000 00:00 0 
7f7bc871e000-7f7bc871f000 ---p 00000000 00:00 0 
7f7bc871f000-7f7bc881f000 rwxp 00000000 00:00 0 
7f7bc881f000-7f7bc8820000 ---p 00000000 00:00 0 
7f7bc8820000-7f7bc8920000 rwxp 00000000 00:00 0 
7f7bc8920000-7f7bc8921000 ---p 00000000 00:00 0 
7f7bc8921000-7f7bc8a21000 rwxp 00000000 00:00 0 
7f7bc8a21000-7f7bc8a22000 ---p 00000000 00:00 0 
7f7bc8a22000-7f7bc8b22000 rwxp 00000000 00:00 0 
7f7bc8b22000-7f7bc8b23000 ---p 00000000 00:00 0 
7f7bc8b23000-7f7bc8c23000 rwxp 00000000 00:00 0 
7f7bc8c23000-7f7bc8c24000 ---p 00000000 00:00 0 
7f7bc8c24000-7f7bc8d24000 rwxp 00000000 00:00 0 
7f7bc8d24000-7f7bc8d25000 ---p 00000000 00:00 0 
7f7bc8d25000-7f7bc8e25000 rwxp 00000000 00:00 0 
7f7bc8e25000-7f7bc8e26000 ---p 00000000 00:00 0 
7f7bc8e26000-7f7bc8f26000 rwxp 00000000 00:00 0 
7f7bc8f26000-7f7bc8f27000 ---p 00000000 00:00 0 
7f7bc8f27000-7f7bc9027000 rwxp 00000000 00:00 0 
7f7bc9027000-7f7bc9028000 ---p 00000000 00:00 0 
7f7bc9028000-7f7bc9128000 rwxp 00000000 00:00 0 
7f7bc9128000-7f7bc9129000 ---p 00000000 00:00 0 
7f7bc9129000-7f7bc9229000 rwxp 00000000 00:00 0 
7f7bc9229000-7f7bc922a000 ---p 00000000 00:00 0 
7f7bc922a000-7f7bc932a000 rwxp 00000000 00:00 0 
7f7bc932a000-7f7bc932b000 ---p 00000000 00:00 0 
7f7bc932b000-7f7bc942b000 rwxp 00000000 00:00 0 
7f7bc942b000-7f7bc942c000 ---p 00000000 00:00 0 
7f7bc942c000-7f7bc952c000 rwxp 00000000 00:00 0 
7f7bc952c000-7f7bc952d000 ---p 00000000 00:00 0 
7f7bc952d000-7f7bc962d000 rwxp 00000000 00:00 0 
7f7bc962d000-7f7bc962e000 ---p 00000000 00:00 0 
7f7bc962e000-7f7bc972e000 rwxp 00000000 00:00 0 
7f7bc972e000-7f7bc9738000 rwxp 00000000 00:00 0 
7f7bc9738000-7f7bc97ee000 rwxp 00000000 00:00 0 
7f7bc97ee000-7f7bc97fc000 r-xp 00000000 00:26 4518903452                 /oicr/x86_64/lib/jvm/jdk1.6.0_21/jre/lib/amd64/libzip.so
7f7bc97fc000-7f7bc98fe000 ---p 0000e000 00:26 4518903452                 /oicr/x86_64/lib/jvm/jdk1.6.0_21/jre/lib/amd64/libzip.so
7f7bc98fe000-7f7bc9901000 rwxp 00010000 00:26 4518903452                 /oicr/x86_64/lib/jvm/jdk1.6.0_21/jre/lib/amd64/libzip.so
7f7bc9901000-7f7bc9902000 rwxp 00000000 00:00 0 
7f7bc9902000-7f7bc9909000 r-xp 00000000 00:26 4518903493                 /oicr/x86_64/lib/jvm/jdk1.6.0_21/jre/lib/amd64/native_threads/libhpi.so
7f7bc9909000-7f7bc9a0a000 ---p 00007000 00:26 4518903493                 /oicr/x86_64/lib/jvm/jdk1.6.0_21/jre/lib/amd64/native_threads/libhpi.so
7f7bc9a0a000-7f7bc9a0c000 rwxp 00008000 00:26 4518903493                 /oicr/x86_64/lib/jvm/jdk1.6.0_21/jre/lib/amd64/native_threads/libhpi.so
7f7bc9a0c000-7f7bc9a0d000 rwxp 00000000 00:00 0 
7f7bc9a0d000-7f7bc9a22000 r-xp 00000000 09:00 657840                     /lib/x86_64-linux-gnu/libnsl-2.19.so
7f7bc9a22000-7f7bc9c21000 ---p 00015000 09:00 657840                     /lib/x86_64-linux-gnu/libnsl-2.19.so
7f7bc9c21000-7f7bc9c22000 r-xp 00014000 09:00 657840                     /lib/x86_64-linux-gnu/libnsl-2.19.so
7f7bc9c22000-7f7bc9c23000 rwxp 00015000 09:00 657840                     /lib/x86_64-linux-gnu/libnsl-2.19.so
7f7bc9c23000-7f7bc9c25000 rwxp 00000000 00:00 0 
7f7bc9c25000-7f7bc9c4d000 r-xp 00000000 00:26 4518903399                 /oicr/x86_64/lib/jvm/jdk1.6.0_21/jre/lib/amd64/libjava.so
7f7bc9c4d000-7f7bc9d4d000 ---p 00028000 00:26 4518903399                 /oicr/x86_64/lib/jvm/jdk1.6.0_21/jre/lib/amd64/libjava.so
7f7bc9d4d000-7f7bc9d54000 rwxp 00028000 00:26 4518903399                 /oicr/x86_64/lib/jvm/jdk1.6.0_21/jre/lib/amd64/libjava.so
7f7bc9d54000-7f7bc9d61000 r-xp 00000000 00:26 4518903450                 /oicr/x86_64/lib/jvm/jdk1.6.0_21/jre/lib/amd64/libverify.so
7f7bc9d61000-7f7bc9e60000 ---p 0000d000 00:26 4518903450                 /oicr/x86_64/lib/jvm/jdk1.6.0_21/jre/lib/amd64/libverify.so
7f7bc9e60000-7f7bc9e63000 rwxp 0000c000 00:26 4518903450                 /oicr/x86_64/lib/jvm/jdk1.6.0_21/jre/lib/amd64/libverify.so
7f7bc9e63000-7f7bc9e6a000 r-xp 00000000 09:00 657857                     /lib/x86_64-linux-gnu/librt-2.19.so
7f7bc9e6a000-7f7bca069000 ---p 00007000 09:00 657857                     /lib/x86_64-linux-gnu/librt-2.19.so
7f7bca069000-7f7bca06a000 r-xp 00006000 09:00 657857                     /lib/x86_64-linux-gnu/librt-2.19.so
7f7bca06a000-7f7bca06b000 rwxp 00007000 09:00 657857                     /lib/x86_64-linux-gnu/librt-2.19.so
7f7bca06b000-7f7bca06e000 ---p 00000000 00:00 0 
7f7bca06e000-7f7bca16c000 rwxp 00000000 00:00 0 
7f7bca16c000-7f7bca26c000 r-xp 00000000 09:00 657836                     /lib/x86_64-linux-gnu/libm-2.19.so
7f7bca26c000-7f7bca46b000 ---p 00100000 09:00 657836                     /lib/x86_64-linux-gnu/libm-2.19.so
7f7bca46b000-7f7bca46c000 r-xp 000ff000 09:00 657836                     /lib/x86_64-linux-gnu/libm-2.19.so
7f7bca46c000-7f7bca46d000 rwxp 00100000 09:00 657836                     /lib/x86_64-linux-gnu/libm-2.19.so
7f7bca46d000-7f7bcac47000 r-xp 00000000 00:26 4518903498                 /oicr/x86_64/lib/jvm/jdk1.6.0_21/jre/lib/amd64/server/libjvm.so
7f7bcac47000-7f7bcad49000 ---p 007da000 00:26 4518903498                 /oicr/x86_64/lib/jvm/jdk1.6.0_21/jre/lib/amd64/server/libjvm.so
7f7bcad49000-7f7bcaeda000 rwxp 007dc000 00:26 4518903498                 /oicr/x86_64/lib/jvm/jdk1.6.0_21/jre/lib/amd64/server/libjvm.so
7f7bcaeda000-7f7bcaf15000 rwxp 00000000 00:00 0 
7f7bcaf15000-7f7bcb0b6000 r-xp 00000000 09:00 657828                     /lib/x86_64-linux-gnu/libc-2.19.so
7f7bcb0b6000-7f7bcb2b6000 ---p 001a1000 09:00 657828                     /lib/x86_64-linux-gnu/libc-2.19.so
7f7bcb2b6000-7f7bcb2ba000 r-xp 001a1000 09:00 657828                     /lib/x86_64-linux-gnu/libc-2.19.so
7f7bcb2ba000-7f7bcb2bc000 rwxp 001a5000 09:00 657828                     /lib/x86_64-linux-gnu/libc-2.19.so
7f7bcb2bc000-7f7bcb2c0000 rwxp 00000000 00:00 0 
7f7bcb2c0000-7f7bcb2c3000 r-xp 00000000 09:00 657834                     /lib/x86_64-linux-gnu/libdl-2.19.so
7f7bcb2c3000-7f7bcb4c2000 ---p 00003000 09:00 657834                     /lib/x86_64-linux-gnu/libdl-2.19.so
7f7bcb4c2000-7f7bcb4c3000 r-xp 00002000 09:00 657834                     /lib/x86_64-linux-gnu/libdl-2.19.so
7f7bcb4c3000-7f7bcb4c4000 rwxp 00003000 09:00 657834                     /lib/x86_64-linux-gnu/libdl-2.19.so
7f7bcb4c4000-7f7bcb4dc000 r-xp 00000000 09:00 657822                     /lib/x86_64-linux-gnu/libpthread-2.19.so
7f7bcb4dc000-7f7bcb6db000 ---p 00018000 09:00 657822                     /lib/x86_64-linux-gnu/libpthread-2.19.so
7f7bcb6db000-7f7bcb6dc000 r-xp 00017000 09:00 657822                     /lib/x86_64-linux-gnu/libpthread-2.19.so
7f7bcb6dc000-7f7bcb6dd000 rwxp 00018000 09:00 657822                     /lib/x86_64-linux-gnu/libpthread-2.19.so
7f7bcb6dd000-7f7bcb6e1000 rwxp 00000000 00:00 0 
7f7bcb6e1000-7f7bcb702000 r-xp 00000000 09:00 657824                     /lib/x86_64-linux-gnu/ld-2.19.so
7f7bcb710000-7f7bcb754000 r-xs 00303000 00:26 15113199254                /.mounts/labs/reimandlab/private/users/thuang/HyperModules_1.0.2_CMD/HyperModulesCMD-1.0.2.jar
7f7bcb754000-7f7bcb788000 rwxp 00000000 00:00 0 
7f7bcb788000-7f7bcb793000 rwxp 00000000 00:00 0 
7f7bcb793000-7f7bcb7b2000 rwxp 00000000 00:00 0 
7f7bcb7b2000-7f7bcb7ba000 rwxs 00000000 09:01 78643577                   /var/oicr/tmp/hsperfdata_t2huang/8672
7f7bcb7ba000-7f7bcb7ef000 r-xs 00000000 09:01 81002575                   /var/cache/nscd/passwd
7f7bcb7ef000-7f7bcb7f0000 rwxp 00000000 00:00 0 
7f7bcb7f0000-7f7bcb7f1000 ---p 00000000 00:00 0 
7f7bcb7f1000-7f7bcb7f4000 rwxp 00000000 00:00 0 
7f7bcb7f4000-7f7bcb7fb000 r-xp 00000000 00:26 4518903456                 /oicr/x86_64/lib/jvm/jdk1.6.0_21/jre/lib/amd64/jli/libjli.so
7f7bcb7fb000-7f7bcb8fc000 ---p 00007000 00:26 4518903456                 /oicr/x86_64/lib/jvm/jdk1.6.0_21/jre/lib/amd64/jli/libjli.so
7f7bcb8fc000-7f7bcb8fe000 rwxp 00008000 00:26 4518903456                 /oicr/x86_64/lib/jvm/jdk1.6.0_21/jre/lib/amd64/jli/libjli.so
7f7bcb8fe000-7f7bcb901000 rwxp 00000000 00:00 0 
7f7bcb901000-7f7bcb902000 r-xp 00020000 09:00 657824                     /lib/x86_64-linux-gnu/ld-2.19.so
7f7bcb902000-7f7bcb903000 rwxp 00021000 09:00 657824                     /lib/x86_64-linux-gnu/ld-2.19.so
7f7bcb903000-7f7bcb904000 rwxp 00000000 00:00 0 
7ffe9af51000-7ffe9af73000 rwxp 00000000 00:00 0                          [stack]
7ffe9af81000-7ffe9af83000 r--p 00000000 00:00 0                          [vvar]
7ffe9af83000-7ffe9af85000 r-xp 00000000 00:00 0                          [vdso]
ffffffffff600000-ffffffffff601000 r-xp 00000000 00:00 0                  [vsyscall]

VM Arguments:
jvm_args: -Xmx76G -Xss10M 
java_command: /.mounts/labs/reimandlab/private/users/thuang/HyperModules_1.0.2_CMD/HyperModulesCMD-1.0.2.jar -n /.mounts/labs/reimandlab/private/users/thuang/data_3/04-02-18/biogrid_networks/Pancreatic_adenocarcinoma/Pancreatic_adenocarcinoma_4.tsv -s /.mounts/labs/reimandlab/private/users/thuang/data_2/02-19-18/mutation_data/mut_Pancreatic_adenocarcinoma_hugo.csv -c /.mounts/labs/reimandlab/private/users/thuang/data_2/02-19-18/clinical_data/Pancreatic_adenocarcinoma_clin.csv -S 0 -t logrank
Launcher Type: SUN_STANDARD

Environment Variables:
JAVA_HOME=/oicr/local/lib/jvm/jdk1.6.0_21
_JAVA_OPTIONS=-Xmx76G -Xss10M
PATH=/oicr/local/lib/jvm/jdk1.6.0_21/bin:/tmp/3691900.1.high_mem:/u/t2huang/bin:/oicr/local/lib/jvm/jdk1.6.0_10/bin:/opt/ogs2011.11/bin/linux-x64:/usr/local/bin:/usr/bin:/bin:/usr/local/games:/usr/games:/oicr/cluster/bin:/oicr/cluster/sbin:/oicr/cluster/openmpi/bin:/oicr/local/bin:/oicr/local/sbin:/oicr/local/analysis/bin:/u/t2huang/.local/bin
LD_LIBRARY_PATH=/oicr/x86_64/lib/jvm/jdk1.6.0_21/jre/lib/amd64/server:/oicr/x86_64/lib/jvm/jdk1.6.0_21/jre/lib/amd64:/oicr/x86_64/lib/jvm/jdk1.6.0_21/jre/../lib/amd64:/usr/local/lib:/lib/x86_64-linux-gnu:/usr/lib/x86_64-linux-gnu:/usr/lib:/usr/lib/x86_64-linux-gnu:/oicr/cluster/openmpi/lib:/oicr/local/lib:/oicr/local/analysis/lib
SHELL=/bin/bash

Signal Handlers:
SIGSEGV: [libjvm.so+0x7311c0], sa_mask[0]=0x7ffbfeff, sa_flags=0x10000004
SIGBUS: [libjvm.so+0x7311c0], sa_mask[0]=0x7ffbfeff, sa_flags=0x10000004
SIGFPE: [libjvm.so+0x5f5da0], sa_mask[0]=0x7ffbfeff, sa_flags=0x10000004
SIGPIPE: [libjvm.so+0x5f5da0], sa_mask[0]=0x7ffbfeff, sa_flags=0x10000004
SIGXFSZ: [libjvm.so+0x5f5da0], sa_mask[0]=0x7ffbfeff, sa_flags=0x10000004
SIGILL: [libjvm.so+0x5f5da0], sa_mask[0]=0x7ffbfeff, sa_flags=0x10000004
SIGUSR1: SIG_DFL, sa_mask[0]=0x00000000, sa_flags=0x00000000
SIGUSR2: [libjvm.so+0x5f85c0], sa_mask[0]=0x00000000, sa_flags=0x10000004
SIGHUP: [libjvm.so+0x5f8310], sa_mask[0]=0x7ffbfeff, sa_flags=0x10000004
SIGINT: [libjvm.so+0x5f8310], sa_mask[0]=0x7ffbfeff, sa_flags=0x10000004
SIGTERM: [libjvm.so+0x5f8310], sa_mask[0]=0x7ffbfeff, sa_flags=0x10000004
SIGQUIT: [libjvm.so+0x5f8310], sa_mask[0]=0x7ffbfeff, sa_flags=0x10000004


---------------  S Y S T E M  ---------------

OS:8.8

uname:Linux 4.9.0-0.bpo.5-amd64 #1 SMP Debian 4.9.65-3+deb9u2~bpo8+1 (2017-01-05) x86_64
libc:glibc 2.19 NPTL 2.19 
rlimit: STACK 262144k, CORE infinity, NPROC 1031330, NOFILE 16384, AS 83886080k
load average:1.16 1.10 1.57

CPU:total 32 (8 cores per cpu, 2 threads per core) family 6 model 79 stepping 1, cmov, cx8, fxsr, mmx, sse, sse2, sse3, ssse3, sse4.1, sse4.2, popcnt, ht

Memory: 4k page, physical 264043060k(104923424k free), swap 0k(0k free)

vm_info: Java HotSpot(TM) 64-Bit Server VM (17.0-b16) for linux-amd64 JRE (1.6.0_21-b06), built on Jun 22 2010 01:10:00 by "java_re" with gcc 3.2.2 (SuSE Linux)

time: Wed Apr 11 14:58:58 2018
elapsed time: 104 seconds

