#
# A fatal error has been detected by the Java Runtime Environment:
#
# java.lang.OutOfMemoryError: pthread_getattr_np
#
#  Internal Error (os_linux_x86.cpp:681), pid=25433, tid=140182042945280
#  Error: pthread_getattr_np
#
# JRE version: 6.0_21-b06
# Java VM: Java HotSpot(TM) 64-Bit Server VM (17.0-b16 mixed mode linux-amd64 )
# If you would like to submit a bug report, please visit:
#   http://java.sun.com/webapps/bugreport/crash.jsp
#

---------------  T H R E A D  ---------------

Current thread (0x00007f928c144000):  JavaThread "pool-1-thread-21" [_thread_new, id=10097, stack(0x0000000000000000,0x0000000000000000)]

Stack: [0x0000000000000000,0x0000000000000000],  sp=0x00007f7eacdf9c00,  free space=dfab37e70000000000000018k
Native frames: (J=compiled Java code, j=interpreted, Vv=VM code, C=native code)
V  [libjvm.so+0x730610]
V  [libjvm.so+0x2f3168]
V  [libjvm.so+0x5f9e73]
V  [libjvm.so+0x5f9aa5]
V  [libjvm.so+0x6ee363]
V  [libjvm.so+0x5f80df]


---------------  P R O C E S S  ---------------

Java Threads: ( => current thread )
  0x00007f928c006800 JavaThread "DestroyJavaVM" [_thread_blocked, id=25434, stack(0x00007f9290a84000,0x00007f9290b85000)]
  0x00007f928c14c000 JavaThread "pool-1-thread-25" [_thread_in_native, id=10101, stack(0x0000000000000000,0x0000000000000000)]
  0x00007f928c14a000 JavaThread "pool-1-thread-24" [_thread_in_native, id=10100, stack(0x0000000000000000,0x0000000000000000)]
  0x00007f928c148000 JavaThread "pool-1-thread-23" [_thread_in_native, id=10099, stack(0x0000000000000000,0x0000000000000000)]
  0x00007f928c146000 JavaThread "pool-1-thread-22" [_thread_in_native, id=10098, stack(0x0000000000000000,0x0000000000000000)]
=>0x00007f928c144000 JavaThread "pool-1-thread-21" [_thread_new, id=10097, stack(0x0000000000000000,0x0000000000000000)]
  0x00007f928c142000 JavaThread "pool-1-thread-20" [_thread_in_Java, id=10096, stack(0x00007f7eacdfb000,0x00007f7ead7fc000)]
  0x00007f928c140000 JavaThread "pool-1-thread-19" [_thread_in_Java, id=10095, stack(0x00007f7ead7fc000,0x00007f7eae1fd000)]
  0x00007f928c13e000 JavaThread "pool-1-thread-18" [_thread_in_Java, id=10094, stack(0x00007f7eae1fd000,0x00007f7eaebfe000)]
  0x00007f928c13c000 JavaThread "pool-1-thread-17" [_thread_in_Java, id=10093, stack(0x00007f7eaebfe000,0x00007f7eaf5ff000)]
  0x00007f928c13a000 JavaThread "pool-1-thread-16" [_thread_in_Java, id=10092, stack(0x00007f7eaf5ff000,0x00007f7eb0000000)]
  0x00007f928c138000 JavaThread "pool-1-thread-15" [_thread_in_Java, id=10091, stack(0x00007f7ec83fa000,0x00007f7ec8dfb000)]
  0x00007f928c136000 JavaThread "pool-1-thread-14" [_thread_in_Java, id=10090, stack(0x00007f7ec8dfb000,0x00007f7ec97fc000)]
  0x00007f928c128000 JavaThread "pool-1-thread-13" [_thread_in_Java, id=10089, stack(0x00007f7ec97fc000,0x00007f7eca1fd000)]
  0x00007f928c126000 JavaThread "pool-1-thread-12" [_thread_in_Java, id=10088, stack(0x00007f7eca1fd000,0x00007f7ecabfe000)]
  0x00007f928c124000 JavaThread "pool-1-thread-11" [_thread_in_Java, id=10087, stack(0x00007f7ecabfe000,0x00007f7ecb5ff000)]
  0x00007f928c122000 JavaThread "pool-1-thread-10" [_thread_in_Java, id=10086, stack(0x00007f7ecb5ff000,0x00007f7ecc000000)]
  0x00007f928c0ed800 JavaThread "pool-1-thread-9" [_thread_in_Java, id=10085, stack(0x00007f7ef03fa000,0x00007f7ef0dfb000)]
  0x00007f928c0eb800 JavaThread "pool-1-thread-8" [_thread_in_Java, id=10084, stack(0x00007f7ef0dfb000,0x00007f7ef17fc000)]
  0x00007f928c0e9800 JavaThread "pool-1-thread-7" [_thread_in_Java, id=10083, stack(0x00007f7ef17fc000,0x00007f7ef21fd000)]
  0x00007f928c0e7800 JavaThread "pool-1-thread-6" [_thread_in_Java, id=10082, stack(0x00007f7ef21fd000,0x00007f7ef2bfe000)]
  0x00007f928c0a0000 JavaThread "pool-1-thread-5" [_thread_in_Java, id=10081, stack(0x00007f7ef2bfe000,0x00007f7ef35ff000)]
  0x00007f928c09e000 JavaThread "pool-1-thread-4" [_thread_in_Java, id=10080, stack(0x00007f7ef35ff000,0x00007f7ef4000000)]
  0x00007f928c09c000 JavaThread "pool-1-thread-3" [_thread_in_Java, id=10079, stack(0x00007f7f082f9000,0x00007f7f08cfa000)]
  0x00007f928c09b000 JavaThread "pool-1-thread-2" [_thread_in_Java, id=10078, stack(0x00007f7f08cfa000,0x00007f7f096fb000)]
  0x00007f928c12b800 JavaThread "pool-1-thread-1" [_thread_in_Java, id=10077, stack(0x00007f7f096fb000,0x00007f7f0a0fc000)]
  0x00007f928c0dc000 JavaThread "Low Memory Detector" daemon [_thread_blocked, id=25464, stack(0x00007f7f0a1fd000,0x00007f7f0abfe000)]
  0x00007f928c0da000 JavaThread "CompilerThread1" daemon [_thread_in_native, id=25463, stack(0x00007f7f7002d000,0x00007f7f7012e000)]
  0x00007f928c0d7000 JavaThread "CompilerThread0" daemon [_thread_in_native, id=25462, stack(0x00007f7f7012e000,0x00007f7f7022f000)]
  0x00007f928c0d5000 JavaThread "Signal Dispatcher" daemon [_thread_blocked, id=25461, stack(0x00007f7f0abfe000,0x00007f7f0b5ff000)]
  0x00007f928c0b6000 JavaThread "Finalizer" daemon [_thread_blocked, id=25460, stack(0x00007f7f0b5ff000,0x00007f7f0c000000)]
  0x00007f928c0b4000 JavaThread "Reference Handler" daemon [_thread_blocked, id=25459, stack(0x00007f7f703b8000,0x00007f7f70db9000)]

Other Threads:
  0x00007f928c0af800 VMThread [stack: 0x00007f7f70db9000,0x00007f7f70eba000] [id=25458]
  0x00007f928c0ef000 WatcherThread [stack: 0x00007f7f0a0fc000,0x00007f7f0a1fd000] [id=25465]

VM state:not at safepoint (normal execution)

VM Mutex/Monitor currently owned by a thread: None

Heap
 PSYoungGen      total 12491456K, used 6768866K [0x00007f8c33ab0000, 0x00007f91475b0000, 0x00007f9289000000)
  eden space 12463104K, 54% used [0x00007f8c33ab0000,0x00007f8dcf1448b8,0x00007f8f2c5b0000)
  from space 28352K, 99% used [0x00007f9145a00000,0x00007f91475a4210,0x00007f91475b0000)
  to   space 76160K, 0% used [0x00007f913e0f0000,0x00007f913e0f0000,0x00007f9142b50000)
 PSOldGen        total 2417856K, used 791093K [0x00007f7f89000000, 0x00007f801c930000, 0x00007f8c33ab0000)
  object space 2417856K, 32% used [0x00007f7f89000000,0x00007f7fb948d780,0x00007f801c930000)
 PSPermGen       total 21248K, used 3653K [0x00007f7f83c00000, 0x00007f7f850c0000, 0x00007f7f89000000)
  object space 21248K, 17% used [0x00007f7f83c00000,0x00007f7f83f916e8,0x00007f7f850c0000)

Dynamic libraries:
40000000-40009000 r-xp 00000000 00:25 4518898988                         /oicr/x86_64/lib/jvm/jdk1.6.0_21/bin/java
40108000-4010a000 rwxp 00008000 00:25 4518898988                         /oicr/x86_64/lib/jvm/jdk1.6.0_21/bin/java
417fa000-4181b000 rwxp 00000000 00:00 0                                  [heap]
7f7e917fc000-7f7e94000000 rwxp 00000000 00:00 0 
7f7e94000000-7f7e94021000 rwxp 00000000 00:00 0 
7f7e94021000-7f7e98000000 ---p 00000000 00:00 0 
7f7e98000000-7f7e98021000 rwxp 00000000 00:00 0 
7f7e98021000-7f7e9c000000 ---p 00000000 00:00 0 
7f7e9c000000-7f7e9c021000 rwxp 00000000 00:00 0 
7f7e9c021000-7f7ea0000000 ---p 00000000 00:00 0 
7f7ea0000000-7f7ea0021000 rwxp 00000000 00:00 0 
7f7ea0021000-7f7ea4000000 ---p 00000000 00:00 0 
7f7ea4000000-7f7ea4021000 rwxp 00000000 00:00 0 
7f7ea4021000-7f7ea8000000 ---p 00000000 00:00 0 
7f7ea8000000-7f7ea8021000 rwxp 00000000 00:00 0 
7f7ea8021000-7f7eac000000 ---p 00000000 00:00 0 
7f7eac3fa000-7f7eacdfb000 rwxp 00000000 00:00 0 
7f7eacdfb000-7f7eacdfe000 ---p 00000000 00:00 0 
7f7eacdfe000-7f7ead7fc000 rwxp 00000000 00:00 0 
7f7ead7fc000-7f7ead7ff000 ---p 00000000 00:00 0 
7f7ead7ff000-7f7eae1fd000 rwxp 00000000 00:00 0 
7f7eae1fd000-7f7eae200000 ---p 00000000 00:00 0 
7f7eae200000-7f7eaebfe000 rwxp 00000000 00:00 0 
7f7eaebfe000-7f7eaec01000 ---p 00000000 00:00 0 
7f7eaec01000-7f7eaf5ff000 rwxp 00000000 00:00 0 
7f7eaf5ff000-7f7eaf602000 ---p 00000000 00:00 0 
7f7eaf602000-7f7eb0000000 rwxp 00000000 00:00 0 
7f7eb0000000-7f7eb0021000 rwxp 00000000 00:00 0 
7f7eb0021000-7f7eb4000000 ---p 00000000 00:00 0 
7f7eb4000000-7f7eb4021000 rwxp 00000000 00:00 0 
7f7eb4021000-7f7eb8000000 ---p 00000000 00:00 0 
7f7eb8000000-7f7eb8021000 rwxp 00000000 00:00 0 
7f7eb8021000-7f7ebc000000 ---p 00000000 00:00 0 
7f7ebc000000-7f7ebc021000 rwxp 00000000 00:00 0 
7f7ebc021000-7f7ec0000000 ---p 00000000 00:00 0 
7f7ec0000000-7f7ec0021000 rwxp 00000000 00:00 0 
7f7ec0021000-7f7ec4000000 ---p 00000000 00:00 0 
7f7ec4000000-7f7ec4021000 rwxp 00000000 00:00 0 
7f7ec4021000-7f7ec8000000 ---p 00000000 00:00 0 
7f7ec83fa000-7f7ec83fd000 ---p 00000000 00:00 0 
7f7ec83fd000-7f7ec8dfb000 rwxp 00000000 00:00 0 
7f7ec8dfb000-7f7ec8dfe000 ---p 00000000 00:00 0 
7f7ec8dfe000-7f7ec97fc000 rwxp 00000000 00:00 0 
7f7ec97fc000-7f7ec97ff000 ---p 00000000 00:00 0 
7f7ec97ff000-7f7eca1fd000 rwxp 00000000 00:00 0 
7f7eca1fd000-7f7eca200000 ---p 00000000 00:00 0 
7f7eca200000-7f7ecabfe000 rwxp 00000000 00:00 0 
7f7ecabfe000-7f7ecac01000 ---p 00000000 00:00 0 
7f7ecac01000-7f7ecb5ff000 rwxp 00000000 00:00 0 
7f7ecb5ff000-7f7ecb602000 ---p 00000000 00:00 0 
7f7ecb602000-7f7ecc000000 rwxp 00000000 00:00 0 
7f7ecc000000-7f7ecc021000 rwxp 00000000 00:00 0 
7f7ecc021000-7f7ed0000000 ---p 00000000 00:00 0 
7f7ed0000000-7f7ed0021000 rwxp 00000000 00:00 0 
7f7ed0021000-7f7ed4000000 ---p 00000000 00:00 0 
7f7ed4000000-7f7ed4021000 rwxp 00000000 00:00 0 
7f7ed4021000-7f7ed8000000 ---p 00000000 00:00 0 
7f7ed8000000-7f7ed8021000 rwxp 00000000 00:00 0 
7f7ed8021000-7f7edc000000 ---p 00000000 00:00 0 
7f7edc000000-7f7edc021000 rwxp 00000000 00:00 0 
7f7edc021000-7f7ee0000000 ---p 00000000 00:00 0 
7f7ee0000000-7f7ee0021000 rwxp 00000000 00:00 0 
7f7ee0021000-7f7ee4000000 ---p 00000000 00:00 0 
7f7ee4000000-7f7ee4021000 rwxp 00000000 00:00 0 
7f7ee4021000-7f7ee8000000 ---p 00000000 00:00 0 
7f7ee8000000-7f7ee8021000 rwxp 00000000 00:00 0 
7f7ee8021000-7f7eec000000 ---p 00000000 00:00 0 
7f7eec000000-7f7eec021000 rwxp 00000000 00:00 0 
7f7eec021000-7f7ef0000000 ---p 00000000 00:00 0 
7f7ef03fa000-7f7ef03fd000 ---p 00000000 00:00 0 
7f7ef03fd000-7f7ef0dfb000 rwxp 00000000 00:00 0 
7f7ef0dfb000-7f7ef0dfe000 ---p 00000000 00:00 0 
7f7ef0dfe000-7f7ef17fc000 rwxp 00000000 00:00 0 
7f7ef17fc000-7f7ef17ff000 ---p 00000000 00:00 0 
7f7ef17ff000-7f7ef21fd000 rwxp 00000000 00:00 0 
7f7ef21fd000-7f7ef2200000 ---p 00000000 00:00 0 
7f7ef2200000-7f7ef2bfe000 rwxp 00000000 00:00 0 
7f7ef2bfe000-7f7ef2c01000 ---p 00000000 00:00 0 
7f7ef2c01000-7f7ef35ff000 rwxp 00000000 00:00 0 
7f7ef35ff000-7f7ef3602000 ---p 00000000 00:00 0 
7f7ef3602000-7f7ef4000000 rwxp 00000000 00:00 0 
7f7ef4000000-7f7ef53ac000 rwxp 00000000 00:00 0 
7f7ef53ac000-7f7ef8000000 ---p 00000000 00:00 0 
7f7ef8000000-7f7ef8021000 rwxp 00000000 00:00 0 
7f7ef8021000-7f7efc000000 ---p 00000000 00:00 0 
7f7efc000000-7f7efc021000 rwxp 00000000 00:00 0 
7f7efc021000-7f7f00000000 ---p 00000000 00:00 0 
7f7f00000000-7f7f00f1c000 rwxp 00000000 00:00 0 
7f7f00f1c000-7f7f04000000 ---p 00000000 00:00 0 
7f7f04000000-7f7f04021000 rwxp 00000000 00:00 0 
7f7f04021000-7f7f08000000 ---p 00000000 00:00 0 
7f7f082f9000-7f7f082fc000 ---p 00000000 00:00 0 
7f7f082fc000-7f7f08cfa000 rwxp 00000000 00:00 0 
7f7f08cfa000-7f7f08cfd000 ---p 00000000 00:00 0 
7f7f08cfd000-7f7f096fb000 rwxp 00000000 00:00 0 
7f7f096fb000-7f7f096fe000 ---p 00000000 00:00 0 
7f7f096fe000-7f7f0a0fc000 rwxp 00000000 00:00 0 
7f7f0a0fc000-7f7f0a0fd000 ---p 00000000 00:00 0 
7f7f0a0fd000-7f7f0a1fd000 rwxp 00000000 00:00 0 
7f7f0a1fd000-7f7f0a200000 ---p 00000000 00:00 0 
7f7f0a200000-7f7f0abfe000 rwxp 00000000 00:00 0 
7f7f0abfe000-7f7f0ac01000 ---p 00000000 00:00 0 
7f7f0ac01000-7f7f0b5ff000 rwxp 00000000 00:00 0 
7f7f0b5ff000-7f7f0b602000 ---p 00000000 00:00 0 
7f7f0b602000-7f7f0c000000 rwxp 00000000 00:00 0 
7f7f0c000000-7f7f10000000 rwxp 00000000 00:00 0 
7f7f10000000-7f7f10021000 rwxp 00000000 00:00 0 
7f7f10021000-7f7f14000000 ---p 00000000 00:00 0 
7f7f14000000-7f7f1449f000 rwxp 00000000 00:00 0 
7f7f1449f000-7f7f18000000 ---p 00000000 00:00 0 
7f7f18000000-7f7f18397000 rwxp 00000000 00:00 0 
7f7f18397000-7f7f1c000000 ---p 00000000 00:00 0 
7f7f1c000000-7f7f1cc0a000 rwxp 00000000 00:00 0 
7f7f1cc0a000-7f7f20000000 ---p 00000000 00:00 0 
7f7f20000000-7f7f2065f000 rwxp 00000000 00:00 0 
7f7f2065f000-7f7f24000000 ---p 00000000 00:00 0 
7f7f24000000-7f7f2472c000 rwxp 00000000 00:00 0 
7f7f2472c000-7f7f28000000 ---p 00000000 00:00 0 
7f7f28000000-7f7f2820c000 rwxp 00000000 00:00 0 
7f7f2820c000-7f7f2c000000 ---p 00000000 00:00 0 
7f7f2c000000-7f7f2c586000 rwxp 00000000 00:00 0 
7f7f2c586000-7f7f30000000 ---p 00000000 00:00 0 
7f7f30000000-7f7f30404000 rwxp 00000000 00:00 0 
7f7f30404000-7f7f34000000 ---p 00000000 00:00 0 
7f7f34000000-7f7f34534000 rwxp 00000000 00:00 0 
7f7f34534000-7f7f38000000 ---p 00000000 00:00 0 
7f7f38000000-7f7f38503000 rwxp 00000000 00:00 0 
7f7f38503000-7f7f3c000000 ---p 00000000 00:00 0 
7f7f3c000000-7f7f3c53d000 rwxp 00000000 00:00 0 
7f7f3c53d000-7f7f40000000 ---p 00000000 00:00 0 
7f7f40000000-7f7f4047d000 rwxp 00000000 00:00 0 
7f7f4047d000-7f7f44000000 ---p 00000000 00:00 0 
7f7f44000000-7f7f4430c000 rwxp 00000000 00:00 0 
7f7f4430c000-7f7f48000000 ---p 00000000 00:00 0 
7f7f48000000-7f7f4847c000 rwxp 00000000 00:00 0 
7f7f4847c000-7f7f4c000000 ---p 00000000 00:00 0 
7f7f4c000000-7f7f4c5b8000 rwxp 00000000 00:00 0 
7f7f4c5b8000-7f7f50000000 ---p 00000000 00:00 0 
7f7f50000000-7f7f503d4000 rwxp 00000000 00:00 0 
7f7f503d4000-7f7f54000000 ---p 00000000 00:00 0 
7f7f54000000-7f7f546e2000 rwxp 00000000 00:00 0 
7f7f546e2000-7f7f58000000 ---p 00000000 00:00 0 
7f7f58000000-7f7f586b2000 rwxp 00000000 00:00 0 
7f7f586b2000-7f7f5c000000 ---p 00000000 00:00 0 
7f7f5c000000-7f7f5c6f5000 rwxp 00000000 00:00 0 
7f7f5c6f5000-7f7f60000000 ---p 00000000 00:00 0 
7f7f60000000-7f7f608ba000 rwxp 00000000 00:00 0 
7f7f608ba000-7f7f64000000 ---p 00000000 00:00 0 
7f7f64000000-7f7f6476a000 rwxp 00000000 00:00 0 
7f7f6476a000-7f7f68000000 ---p 00000000 00:00 0 
7f7f68000000-7f7f68235000 rwxp 00000000 00:00 0 
7f7f68235000-7f7f6c000000 ---p 00000000 00:00 0 
7f7f6c000000-7f7f6c2f8000 rwxp 00000000 00:00 0 
7f7f6c2f8000-7f7f70000000 ---p 00000000 00:00 0 
7f7f7002d000-7f7f70030000 ---p 00000000 00:00 0 
7f7f70030000-7f7f7012e000 rwxp 00000000 00:00 0 
7f7f7012e000-7f7f70131000 ---p 00000000 00:00 0 
7f7f70131000-7f7f7022f000 rwxp 00000000 00:00 0 
7f7f7022f000-7f7f703b8000 r-xp 00000000 09:00 137061                     /usr/lib/locale/locale-archive
7f7f703b8000-7f7f703bb000 ---p 00000000 00:00 0 
7f7f703bb000-7f7f70db9000 rwxp 00000000 00:00 0 
7f7f70db9000-7f7f70dba000 ---p 00000000 00:00 0 
7f7f70dba000-7f7f726d2000 rwxp 00000000 00:00 0 
7f7f726d2000-7f7f72869000 r-xs 03014000 00:25 4518903250                 /oicr/x86_64/lib/jvm/jdk1.6.0_21/jre/lib/rt.jar
7f7f72869000-7f7f7286a000 ---p 00000000 00:00 0 
7f7f7286a000-7f7f7296a000 rwxp 00000000 00:00 0 
7f7f7296a000-7f7f7296b000 ---p 00000000 00:00 0 
7f7f7296b000-7f7f72a6b000 rwxp 00000000 00:00 0 
7f7f72a6b000-7f7f72a6c000 ---p 00000000 00:00 0 
7f7f72a6c000-7f7f72b6c000 rwxp 00000000 00:00 0 
7f7f72b6c000-7f7f72b6d000 ---p 00000000 00:00 0 
7f7f72b6d000-7f7f72c6d000 rwxp 00000000 00:00 0 
7f7f72c6d000-7f7f72c6e000 ---p 00000000 00:00 0 
7f7f72c6e000-7f7f72d6e000 rwxp 00000000 00:00 0 
7f7f72d6e000-7f7f72d6f000 ---p 00000000 00:00 0 
7f7f72d6f000-7f7f72e6f000 rwxp 00000000 00:00 0 
7f7f72e6f000-7f7f72e70000 ---p 00000000 00:00 0 
7f7f72e70000-7f7f72f70000 rwxp 00000000 00:00 0 
7f7f72f70000-7f7f72f71000 ---p 00000000 00:00 0 
7f7f72f71000-7f7f73071000 rwxp 00000000 00:00 0 
7f7f73071000-7f7f73072000 ---p 00000000 00:00 0 
7f7f73072000-7f7f73172000 rwxp 00000000 00:00 0 
7f7f73172000-7f7f73173000 ---p 00000000 00:00 0 
7f7f73173000-7f7f73273000 rwxp 00000000 00:00 0 
7f7f73273000-7f7f73274000 ---p 00000000 00:00 0 
7f7f73274000-7f7f73374000 rwxp 00000000 00:00 0 
7f7f73374000-7f7f73375000 ---p 00000000 00:00 0 
7f7f73375000-7f7f73475000 rwxp 00000000 00:00 0 
7f7f73475000-7f7f73476000 ---p 00000000 00:00 0 
7f7f73476000-7f7f73576000 rwxp 00000000 00:00 0 
7f7f73576000-7f7f73577000 ---p 00000000 00:00 0 
7f7f73577000-7f7f73677000 rwxp 00000000 00:00 0 
7f7f73677000-7f7f73678000 ---p 00000000 00:00 0 
7f7f73678000-7f7f73778000 rwxp 00000000 00:00 0 
7f7f73778000-7f7f73779000 ---p 00000000 00:00 0 
7f7f73779000-7f7f73879000 rwxp 00000000 00:00 0 
7f7f73879000-7f7f7387a000 ---p 00000000 00:00 0 
7f7f7387a000-7f7f7397a000 rwxp 00000000 00:00 0 
7f7f7397a000-7f7f7397b000 ---p 00000000 00:00 0 
7f7f7397b000-7f7f73a7b000 rwxp 00000000 00:00 0 
7f7f73a7b000-7f7f73a7c000 ---p 00000000 00:00 0 
7f7f73a7c000-7f7f73b7c000 rwxp 00000000 00:00 0 
7f7f73b7c000-7f7f73b7d000 ---p 00000000 00:00 0 
7f7f73b7d000-7f7f73c7d000 rwxp 00000000 00:00 0 
7f7f73c7d000-7f7f73c7e000 ---p 00000000 00:00 0 
7f7f73c7e000-7f7f73d7e000 rwxp 00000000 00:00 0 
7f7f73d7e000-7f7f73d7f000 ---p 00000000 00:00 0 
7f7f73d7f000-7f7f73e7f000 rwxp 00000000 00:00 0 
7f7f73e7f000-7f7f7431c000 rwxp 00000000 00:00 0 
7f7f7431c000-7f7f74749000 ---p 00000000 00:00 0 
7f7f74749000-7f7f7a3d5000 rwxp 00000000 00:00 0 
7f7f7a3d5000-7f7f7a3e0000 rwxp 00000000 00:00 0 
7f7f7a3e0000-7f7f7a3ff000 rwxp 00000000 00:00 0 
7f7f7a3ff000-7f7f7a89c000 rwxp 00000000 00:00 0 
7f7f7a89c000-7f7f7acc9000 ---p 00000000 00:00 0 
7f7f7acc9000-7f7f80954000 rwxp 00000000 00:00 0 
7f7f80954000-7f7f831f2000 rwxp 00000000 00:00 0 
7f7f831f2000-7f7f83bff000 ---p 00000000 00:00 0 
7f7f83bff000-7f7f850c0000 rwxp 00000000 00:00 0 
7f7f850c0000-7f7f89000000 rwxp 00000000 00:00 0 
7f7f89000000-7f801c930000 rwxp 00000000 00:00 0 
7f801c930000-7f80a2240000 ---p 00000000 00:00 0 
7f80a2240000-7f8c33ab0000 rwxp 00000000 00:00 0 
7f8c33ab0000-7f91475b0000 rwxp 00000000 00:00 0 
7f91475b0000-7f9289000000 ---p 00000000 00:00 0 
7f9289000000-7f9289270000 rwxp 00000000 00:00 0 
7f9289270000-7f928c1a2000 rwxp 00000000 00:00 0 
7f928c1a2000-7f9290000000 ---p 00000000 00:00 0 
7f9290046000-7f9290047000 ---p 00000000 00:00 0 
7f9290047000-7f9290147000 rwxp 00000000 00:00 0 
7f9290147000-7f9290151000 rwxp 00000000 00:00 0 
7f9290151000-7f9290207000 rwxp 00000000 00:00 0 
7f9290207000-7f9290215000 r-xp 00000000 00:25 4518903452                 /oicr/x86_64/lib/jvm/jdk1.6.0_21/jre/lib/amd64/libzip.so
7f9290215000-7f9290317000 ---p 0000e000 00:25 4518903452                 /oicr/x86_64/lib/jvm/jdk1.6.0_21/jre/lib/amd64/libzip.so
7f9290317000-7f929031a000 rwxp 00010000 00:25 4518903452                 /oicr/x86_64/lib/jvm/jdk1.6.0_21/jre/lib/amd64/libzip.so
7f929031a000-7f929031b000 rwxp 00000000 00:00 0 
7f929031b000-7f9290322000 r-xp 00000000 00:25 4518903493                 /oicr/x86_64/lib/jvm/jdk1.6.0_21/jre/lib/amd64/native_threads/libhpi.so
7f9290322000-7f9290423000 ---p 00007000 00:25 4518903493                 /oicr/x86_64/lib/jvm/jdk1.6.0_21/jre/lib/amd64/native_threads/libhpi.so
7f9290423000-7f9290425000 rwxp 00008000 00:25 4518903493                 /oicr/x86_64/lib/jvm/jdk1.6.0_21/jre/lib/amd64/native_threads/libhpi.so
7f9290425000-7f9290426000 rwxp 00000000 00:00 0 
7f9290426000-7f929043b000 r-xp 00000000 09:00 2099655                    /lib/x86_64-linux-gnu/libnsl-2.19.so
7f929043b000-7f929063a000 ---p 00015000 09:00 2099655                    /lib/x86_64-linux-gnu/libnsl-2.19.so
7f929063a000-7f929063b000 r-xp 00014000 09:00 2099655                    /lib/x86_64-linux-gnu/libnsl-2.19.so
7f929063b000-7f929063c000 rwxp 00015000 09:00 2099655                    /lib/x86_64-linux-gnu/libnsl-2.19.so
7f929063c000-7f929063e000 rwxp 00000000 00:00 0 
7f929063e000-7f9290666000 r-xp 00000000 00:25 4518903399                 /oicr/x86_64/lib/jvm/jdk1.6.0_21/jre/lib/amd64/libjava.so
7f9290666000-7f9290766000 ---p 00028000 00:25 4518903399                 /oicr/x86_64/lib/jvm/jdk1.6.0_21/jre/lib/amd64/libjava.so
7f9290766000-7f929076d000 rwxp 00028000 00:25 4518903399                 /oicr/x86_64/lib/jvm/jdk1.6.0_21/jre/lib/amd64/libjava.so
7f929076d000-7f929077a000 r-xp 00000000 00:25 4518903450                 /oicr/x86_64/lib/jvm/jdk1.6.0_21/jre/lib/amd64/libverify.so
7f929077a000-7f9290879000 ---p 0000d000 00:25 4518903450                 /oicr/x86_64/lib/jvm/jdk1.6.0_21/jre/lib/amd64/libverify.so
7f9290879000-7f929087c000 rwxp 0000c000 00:25 4518903450                 /oicr/x86_64/lib/jvm/jdk1.6.0_21/jre/lib/amd64/libverify.so
7f929087c000-7f9290883000 r-xp 00000000 09:00 2099666                    /lib/x86_64-linux-gnu/librt-2.19.so
7f9290883000-7f9290a82000 ---p 00007000 09:00 2099666                    /lib/x86_64-linux-gnu/librt-2.19.so
7f9290a82000-7f9290a83000 r-xp 00006000 09:00 2099666                    /lib/x86_64-linux-gnu/librt-2.19.so
7f9290a83000-7f9290a84000 rwxp 00007000 09:00 2099666                    /lib/x86_64-linux-gnu/librt-2.19.so
7f9290a84000-7f9290a87000 ---p 00000000 00:00 0 
7f9290a87000-7f9290b85000 rwxp 00000000 00:00 0 
7f9290b85000-7f9290c85000 r-xp 00000000 09:00 2099653                    /lib/x86_64-linux-gnu/libm-2.19.so
7f9290c85000-7f9290e84000 ---p 00100000 09:00 2099653                    /lib/x86_64-linux-gnu/libm-2.19.so
7f9290e84000-7f9290e85000 r-xp 000ff000 09:00 2099653                    /lib/x86_64-linux-gnu/libm-2.19.so
7f9290e85000-7f9290e86000 rwxp 00100000 09:00 2099653                    /lib/x86_64-linux-gnu/libm-2.19.so
7f9290e86000-7f9291660000 r-xp 00000000 00:25 4518903498                 /oicr/x86_64/lib/jvm/jdk1.6.0_21/jre/lib/amd64/server/libjvm.so
7f9291660000-7f9291762000 ---p 007da000 00:25 4518903498                 /oicr/x86_64/lib/jvm/jdk1.6.0_21/jre/lib/amd64/server/libjvm.so
7f9291762000-7f92918f3000 rwxp 007dc000 00:25 4518903498                 /oicr/x86_64/lib/jvm/jdk1.6.0_21/jre/lib/amd64/server/libjvm.so
7f92918f3000-7f929192e000 rwxp 00000000 00:00 0 
7f929192e000-7f9291acf000 r-xp 00000000 09:00 2099649                    /lib/x86_64-linux-gnu/libc-2.19.so
7f9291acf000-7f9291ccf000 ---p 001a1000 09:00 2099649                    /lib/x86_64-linux-gnu/libc-2.19.so
7f9291ccf000-7f9291cd3000 r-xp 001a1000 09:00 2099649                    /lib/x86_64-linux-gnu/libc-2.19.so
7f9291cd3000-7f9291cd5000 rwxp 001a5000 09:00 2099649                    /lib/x86_64-linux-gnu/libc-2.19.so
7f9291cd5000-7f9291cd9000 rwxp 00000000 00:00 0 
7f9291cd9000-7f9291cdc000 r-xp 00000000 09:00 2099652                    /lib/x86_64-linux-gnu/libdl-2.19.so
7f9291cdc000-7f9291edb000 ---p 00003000 09:00 2099652                    /lib/x86_64-linux-gnu/libdl-2.19.so
7f9291edb000-7f9291edc000 r-xp 00002000 09:00 2099652                    /lib/x86_64-linux-gnu/libdl-2.19.so
7f9291edc000-7f9291edd000 rwxp 00003000 09:00 2099652                    /lib/x86_64-linux-gnu/libdl-2.19.so
7f9291edd000-7f9291ef5000 r-xp 00000000 09:00 2099643                    /lib/x86_64-linux-gnu/libpthread-2.19.so
7f9291ef5000-7f92920f4000 ---p 00018000 09:00 2099643                    /lib/x86_64-linux-gnu/libpthread-2.19.so
7f92920f4000-7f92920f5000 r-xp 00017000 09:00 2099643                    /lib/x86_64-linux-gnu/libpthread-2.19.so
7f92920f5000-7f92920f6000 rwxp 00018000 09:00 2099643                    /lib/x86_64-linux-gnu/libpthread-2.19.so
7f92920f6000-7f92920fa000 rwxp 00000000 00:00 0 
7f92920fa000-7f929211b000 r-xp 00000000 09:00 2099645                    /lib/x86_64-linux-gnu/ld-2.19.so
7f9292129000-7f929216d000 r-xs 00303000 00:25 15113199254                /.mounts/labs/reimandlab/private/users/thuang/HyperModules_1.0.2_CMD/HyperModulesCMD-1.0.2.jar
7f929216d000-7f92921a1000 rwxp 00000000 00:00 0 
7f92921a1000-7f92921ac000 rwxp 00000000 00:00 0 
7f92921ac000-7f92921cb000 rwxp 00000000 00:00 0 
7f92921cb000-7f92921d3000 rwxs 00000000 09:01 79167660                   /var/oicr/tmp/hsperfdata_t2huang/25433
7f92921d3000-7f9292208000 r-xs 00000000 09:01 14680093                   /var/cache/nscd/passwd
7f9292208000-7f9292209000 rwxp 00000000 00:00 0 
7f9292209000-7f929220a000 r-xp 00000000 00:00 0 
7f929220a000-7f929220d000 rwxp 00000000 00:00 0 
7f929220d000-7f9292214000 r-xp 00000000 00:25 4518903456                 /oicr/x86_64/lib/jvm/jdk1.6.0_21/jre/lib/amd64/jli/libjli.so
7f9292214000-7f9292315000 ---p 00007000 00:25 4518903456                 /oicr/x86_64/lib/jvm/jdk1.6.0_21/jre/lib/amd64/jli/libjli.so
7f9292315000-7f9292317000 rwxp 00008000 00:25 4518903456                 /oicr/x86_64/lib/jvm/jdk1.6.0_21/jre/lib/amd64/jli/libjli.so
7f9292317000-7f929231a000 rwxp 00000000 00:00 0 
7f929231a000-7f929231b000 r-xp 00020000 09:00 2099645                    /lib/x86_64-linux-gnu/ld-2.19.so
7f929231b000-7f929231c000 rwxp 00021000 09:00 2099645                    /lib/x86_64-linux-gnu/ld-2.19.so
7f929231c000-7f929231d000 rwxp 00000000 00:00 0 
7ffda5d6a000-7ffda5d8c000 rwxp 00000000 00:00 0                          [stack]
7ffda5ddb000-7ffda5ddd000 r--p 00000000 00:00 0                          [vvar]
7ffda5ddd000-7ffda5ddf000 r-xp 00000000 00:00 0                          [vdso]
ffffffffff600000-ffffffffff601000 r-xp 00000000 00:00 0                  [vsyscall]

VM Arguments:
jvm_args: -Xmx76G -Xss10M 
java_command: /.mounts/labs/reimandlab/private/users/thuang/HyperModules_1.0.2_CMD/HyperModulesCMD-1.0.2.jar -n /.mounts/labs/reimandlab/private/users/thuang/data_3/04-02-18/biogrid_networks/Liver_hepatocellular_carcinoma/Liver_hepatocellular_carcinoma_5.tsv -s /.mounts/labs/reimandlab/private/users/thuang/data_2/02-19-18/mutation_data/mut_Liver_hepatocellular_carcinoma_hugo.csv -c /.mounts/labs/reimandlab/private/users/thuang/data_2/02-19-18/clinical_data/Liver_hepatocellular_carcinoma_clin.csv -S 0 -t logrank
Launcher Type: SUN_STANDARD

Environment Variables:
JAVA_HOME=/oicr/local/lib/jvm/jdk1.6.0_21
_JAVA_OPTIONS=-Xmx76G -Xss10M
PATH=/oicr/local/lib/jvm/jdk1.6.0_21/bin:/tmp/3691841.1.high_mem:/u/t2huang/bin:/oicr/local/lib/jvm/jdk1.6.0_10/bin:/opt/ogs2011.11/bin/linux-x64:/usr/local/bin:/usr/bin:/bin:/usr/local/games:/usr/games:/oicr/cluster/bin:/oicr/cluster/sbin:/oicr/cluster/openmpi/bin:/oicr/local/bin:/oicr/local/sbin:/oicr/local/analysis/bin:/u/t2huang/.local/bin
LD_LIBRARY_PATH=/oicr/x86_64/lib/jvm/jdk1.6.0_21/jre/lib/amd64/server:/oicr/x86_64/lib/jvm/jdk1.6.0_21/jre/lib/amd64:/oicr/x86_64/lib/jvm/jdk1.6.0_21/jre/../lib/amd64:/usr/local/lib:/lib/x86_64-linux-gnu:/usr/lib/x86_64-linux-gnu:/usr/lib:/usr/lib/x86_64-linux-gnu:/oicr/cluster/openmpi/lib:/oicr/local/lib:/oicr/local/analysis/lib
SHELL=/bin/bash

Signal Handlers:
SIGSEGV: [libjvm.so+0x7311c0], sa_mask[0]=0x7ffbfeff, sa_flags=0x10000004
SIGBUS: [libjvm.so+0x7311c0], sa_mask[0]=0x7ffbfeff, sa_flags=0x10000004
SIGFPE: [libjvm.so+0x5f5da0], sa_mask[0]=0x7ffbfeff, sa_flags=0x10000004
SIGPIPE: [libjvm.so+0x5f5da0], sa_mask[0]=0x7ffbfeff, sa_flags=0x10000004
SIGXFSZ: [libjvm.so+0x5f5da0], sa_mask[0]=0x7ffbfeff, sa_flags=0x10000004
SIGILL: [libjvm.so+0x5f5da0], sa_mask[0]=0x7ffbfeff, sa_flags=0x10000004
SIGUSR1: SIG_DFL, sa_mask[0]=0x00000000, sa_flags=0x00000000
SIGUSR2: [libjvm.so+0x5f85c0], sa_mask[0]=0x00000000, sa_flags=0x10000004
SIGHUP: [libjvm.so+0x5f8310], sa_mask[0]=0x7ffbfeff, sa_flags=0x10000004
SIGINT: [libjvm.so+0x5f8310], sa_mask[0]=0x7ffbfeff, sa_flags=0x10000004
SIGTERM: [libjvm.so+0x5f8310], sa_mask[0]=0x7ffbfeff, sa_flags=0x10000004
SIGQUIT: [libjvm.so+0x5f8310], sa_mask[0]=0x7ffbfeff, sa_flags=0x10000004


---------------  S Y S T E M  ---------------

OS:8.8

uname:Linux 4.9.0-0.bpo.5-amd64 #1 SMP Debian 4.9.65-3+deb9u2~bpo8+1 (2017-01-05) x86_64
libc:glibc 2.19 NPTL 2.19 
rlimit: STACK 262144k, CORE infinity, NPROC 1031330, NOFILE 16384, AS 83886080k
load average:2.76 1.50 3.24

CPU:total 32 (8 cores per cpu, 2 threads per core) family 6 model 79 stepping 1, cmov, cx8, fxsr, mmx, sse, sse2, sse3, ssse3, sse4.1, sse4.2, popcnt, ht

Memory: 4k page, physical 264043060k(96325108k free), swap 0k(0k free)

vm_info: Java HotSpot(TM) 64-Bit Server VM (17.0-b16) for linux-amd64 JRE (1.6.0_21-b06), built on Jun 22 2010 01:10:00 by "java_re" with gcc 3.2.2 (SuSE Linux)

time: Wed Apr 11 14:29:00 2018
elapsed time: 45417 seconds

