#
# A fatal error has been detected by the Java Runtime Environment:
#
# java.lang.OutOfMemoryError: pthread_getattr_np
#
#  Internal Error (os_linux_x86.cpp:681), pid=7392, tid=140037331085056
#  Error: pthread_getattr_np
#
# JRE version: 6.0_21-b06
# Java VM: Java HotSpot(TM) 64-Bit Server VM (17.0-b16 mixed mode linux-amd64 )
# If you would like to submit a bug report, please visit:
#   http://java.sun.com/webapps/bugreport/crash.jsp
#

---------------  T H R E A D  ---------------

Current thread (0x00007f70e8144800):  JavaThread "pool-1-thread-21" [_thread_new, id=19816, stack(0x0000000000000000,0x0000000000000000)]

Stack: [0x0000000000000000,0x0000000000000000],  sp=0x00007f5cfb5fdb80,  free space=d73ed7f60000000000000018k
Native frames: (J=compiled Java code, j=interpreted, Vv=VM code, C=native code)
V  [libjvm.so+0x730610]
V  [libjvm.so+0x2f3168]
V  [libjvm.so+0x5f9e73]
V  [libjvm.so+0x5f9aa5]
V  [libjvm.so+0x6ee363]
V  [libjvm.so+0x5f80df]


---------------  P R O C E S S  ---------------

Java Threads: ( => current thread )
  0x00007f70e8006800 JavaThread "DestroyJavaVM" [_thread_blocked, id=7393, stack(0x00007f70ef8b1000,0x00007f70ef9b2000)]
  0x00007f70e814c800 JavaThread "pool-1-thread-25" [_thread_in_native, id=19820, stack(0x0000000000000000,0x0000000000000000)]
  0x00007f70e814a800 JavaThread "pool-1-thread-24" [_thread_in_native, id=19819, stack(0x0000000000000000,0x0000000000000000)]
  0x00007f70e8148800 JavaThread "pool-1-thread-23" [_thread_in_native, id=19818, stack(0x0000000000000000,0x0000000000000000)]
  0x00007f70e8146800 JavaThread "pool-1-thread-22" [_thread_in_native, id=19817, stack(0x0000000000000000,0x0000000000000000)]
=>0x00007f70e8144800 JavaThread "pool-1-thread-21" [_thread_new, id=19816, stack(0x0000000000000000,0x0000000000000000)]
  0x00007f70e8142800 JavaThread "pool-1-thread-20" [_thread_in_Java, id=19815, stack(0x00007f5cfb5ff000,0x00007f5cfc000000)]
  0x00007f70e8140800 JavaThread "pool-1-thread-19" [_thread_in_Java, id=19814, stack(0x00007f5d143fa000,0x00007f5d14dfb000)]
  0x00007f70e813e800 JavaThread "pool-1-thread-18" [_thread_in_Java, id=19813, stack(0x00007f5d14dfb000,0x00007f5d157fc000)]
  0x00007f70e813c800 JavaThread "pool-1-thread-17" [_thread_in_Java, id=19812, stack(0x00007f5d157fc000,0x00007f5d161fd000)]
  0x00007f70e813a800 JavaThread "pool-1-thread-16" [_thread_in_Java, id=19811, stack(0x00007f5d161fd000,0x00007f5d16bfe000)]
  0x00007f70e8138800 JavaThread "pool-1-thread-15" [_thread_in_Java, id=19810, stack(0x00007f5d16bfe000,0x00007f5d175ff000)]
  0x00007f70e8136800 JavaThread "pool-1-thread-14" [_thread_in_Java, id=19809, stack(0x00007f5d175ff000,0x00007f5d18000000)]
  0x00007f70e8134800 JavaThread "pool-1-thread-13" [_thread_in_Java, id=19808, stack(0x00007f5d303fa000,0x00007f5d30dfb000)]
  0x00007f70e8132800 JavaThread "pool-1-thread-12" [_thread_in_Java, id=19807, stack(0x00007f5d30dfb000,0x00007f5d317fc000)]
  0x00007f70e8130800 JavaThread "pool-1-thread-11" [_thread_in_Java, id=19806, stack(0x00007f5d317fc000,0x00007f5d321fd000)]
  0x00007f70e812e800 JavaThread "pool-1-thread-10" [_thread_in_Java, id=19805, stack(0x00007f5d321fd000,0x00007f5d32bfe000)]
  0x00007f70e80ed800 JavaThread "pool-1-thread-9" [_thread_in_Java, id=19804, stack(0x00007f5d32bfe000,0x00007f5d335ff000)]
  0x00007f70e80eb800 JavaThread "pool-1-thread-8" [_thread_in_Java, id=19803, stack(0x00007f5d335ff000,0x00007f5d34000000)]
  0x00007f70e80e9800 JavaThread "pool-1-thread-7" [_thread_in_Java, id=19802, stack(0x00007f5d503fa000,0x00007f5d50dfb000)]
  0x00007f70e80e7800 JavaThread "pool-1-thread-6" [_thread_in_Java, id=19801, stack(0x00007f5d50dfb000,0x00007f5d517fc000)]
  0x00007f70e80a0000 JavaThread "pool-1-thread-5" [_thread_in_Java, id=19800, stack(0x00007f5d517fc000,0x00007f5d521fd000)]
  0x00007f70e809e000 JavaThread "pool-1-thread-4" [_thread_in_Java, id=19799, stack(0x00007f5d521fd000,0x00007f5d52bfe000)]
  0x00007f70e809c000 JavaThread "pool-1-thread-3" [_thread_in_Java, id=19798, stack(0x00007f5d52bfe000,0x00007f5d535ff000)]
  0x00007f70e809b000 JavaThread "pool-1-thread-2" [_thread_in_Java, id=19797, stack(0x00007f5d535ff000,0x00007f5d54000000)]
  0x00007f70e8123800 JavaThread "pool-1-thread-1" [_thread_in_Java, id=19796, stack(0x00007f5d7046a000,0x00007f5d70e6b000)]
  0x00007f70e80dc000 JavaThread "Low Memory Detector" daemon [_thread_blocked, id=7423, stack(0x00007f5d70f6c000,0x00007f5d7196d000)]
  0x00007f70e80da000 JavaThread "CompilerThread1" daemon [_thread_in_native, id=7422, stack(0x00007f5d7196d000,0x00007f5d71a6e000)]
  0x00007f70e80d7000 JavaThread "CompilerThread0" daemon [_thread_in_native, id=7421, stack(0x00007f5d71a6e000,0x00007f5d71b6f000)]
  0x00007f70e80d5000 JavaThread "Signal Dispatcher" daemon [_thread_blocked, id=7420, stack(0x00007f5d71b6f000,0x00007f5d72570000)]
  0x00007f70e80b6000 JavaThread "Finalizer" daemon [_thread_blocked, id=7419, stack(0x00007f5d726f9000,0x00007f5d730fa000)]
  0x00007f70e80b4000 JavaThread "Reference Handler" daemon [_thread_blocked, id=7418, stack(0x00007f5d730fa000,0x00007f5d73afb000)]

Other Threads:
  0x00007f70e80af800 VMThread [stack: 0x00007f5d73afb000,0x00007f5d73bfc000] [id=7417]
  0x00007f70e80ef000 WatcherThread [stack: 0x00007f5d70e6b000,0x00007f5d70f6c000] [id=7424]

VM state:not at safepoint (normal execution)

VM Mutex/Monitor currently owned by a thread: None

Heap
 PSYoungGen      total 10066304K, used 4649686K [0x00007f6a929f0000, 0x00007f6f4dfe0000, 0x00007f70e7f40000)
  eden space 10035904K, 46% used [0x00007f6a929f0000,0x00007f6bac901858,0x00007f6cf72a0000)
  from space 30400K, 99% used [0x00007f6f4c230000,0x00007f6f4dfd4210,0x00007f6f4dfe0000)
  to   space 80128K, 0% used [0x00007f6f44360000,0x00007f6f44360000,0x00007f6f491a0000)
 PSOldGen        total 2950272K, used 2660806K [0x00007f5de7f40000, 0x00007f5e9c060000, 0x00007f6a929f0000)
  object space 2950272K, 90% used [0x00007f5de7f40000,0x00007f5e8a5b1ab8,0x00007f5e9c060000)
 PSPermGen       total 21248K, used 3653K [0x00007f5de2b40000, 0x00007f5de4000000, 0x00007f5de7f40000)
  object space 21248K, 17% used [0x00007f5de2b40000,0x00007f5de2ed1688,0x00007f5de4000000)

Dynamic libraries:
40000000-40009000 r-xp 00000000 00:25 4518898988                         /oicr/x86_64/lib/jvm/jdk1.6.0_21/bin/java
40108000-4010a000 rwxp 00008000 00:25 4518898988                         /oicr/x86_64/lib/jvm/jdk1.6.0_21/bin/java
41e26000-41e47000 rwxp 00000000 00:00 0                                  [heap]
7f5cf0000000-7f5cf0021000 rwxp 00000000 00:00 0 
7f5cf0021000-7f5cf4000000 ---p 00000000 00:00 0 
7f5cf4000000-7f5cf4021000 rwxp 00000000 00:00 0 
7f5cf4021000-7f5cf8000000 ---p 00000000 00:00 0 
7f5cf83fa000-7f5cfb5ff000 rwxp 00000000 00:00 0 
7f5cfb5ff000-7f5cfb602000 ---p 00000000 00:00 0 
7f5cfb602000-7f5cfc000000 rwxp 00000000 00:00 0 
7f5cfc000000-7f5cfc021000 rwxp 00000000 00:00 0 
7f5cfc021000-7f5d00000000 ---p 00000000 00:00 0 
7f5d00000000-7f5d00021000 rwxp 00000000 00:00 0 
7f5d00021000-7f5d04000000 ---p 00000000 00:00 0 
7f5d04000000-7f5d04021000 rwxp 00000000 00:00 0 
7f5d04021000-7f5d08000000 ---p 00000000 00:00 0 
7f5d08000000-7f5d08021000 rwxp 00000000 00:00 0 
7f5d08021000-7f5d0c000000 ---p 00000000 00:00 0 
7f5d0c000000-7f5d0c021000 rwxp 00000000 00:00 0 
7f5d0c021000-7f5d10000000 ---p 00000000 00:00 0 
7f5d10000000-7f5d10021000 rwxp 00000000 00:00 0 
7f5d10021000-7f5d14000000 ---p 00000000 00:00 0 
7f5d143fa000-7f5d143fd000 ---p 00000000 00:00 0 
7f5d143fd000-7f5d14dfb000 rwxp 00000000 00:00 0 
7f5d14dfb000-7f5d14dfe000 ---p 00000000 00:00 0 
7f5d14dfe000-7f5d157fc000 rwxp 00000000 00:00 0 
7f5d157fc000-7f5d157ff000 ---p 00000000 00:00 0 
7f5d157ff000-7f5d161fd000 rwxp 00000000 00:00 0 
7f5d161fd000-7f5d16200000 ---p 00000000 00:00 0 
7f5d16200000-7f5d16bfe000 rwxp 00000000 00:00 0 
7f5d16bfe000-7f5d16c01000 ---p 00000000 00:00 0 
7f5d16c01000-7f5d175ff000 rwxp 00000000 00:00 0 
7f5d175ff000-7f5d17602000 ---p 00000000 00:00 0 
7f5d17602000-7f5d18000000 rwxp 00000000 00:00 0 
7f5d18000000-7f5d18021000 rwxp 00000000 00:00 0 
7f5d18021000-7f5d1c000000 ---p 00000000 00:00 0 
7f5d1c000000-7f5d1c021000 rwxp 00000000 00:00 0 
7f5d1c021000-7f5d20000000 ---p 00000000 00:00 0 
7f5d20000000-7f5d20021000 rwxp 00000000 00:00 0 
7f5d20021000-7f5d24000000 ---p 00000000 00:00 0 
7f5d24000000-7f5d24021000 rwxp 00000000 00:00 0 
7f5d24021000-7f5d28000000 ---p 00000000 00:00 0 
7f5d28000000-7f5d28021000 rwxp 00000000 00:00 0 
7f5d28021000-7f5d2c000000 ---p 00000000 00:00 0 
7f5d2c000000-7f5d2c021000 rwxp 00000000 00:00 0 
7f5d2c021000-7f5d30000000 ---p 00000000 00:00 0 
7f5d303fa000-7f5d303fd000 ---p 00000000 00:00 0 
7f5d303fd000-7f5d30dfb000 rwxp 00000000 00:00 0 
7f5d30dfb000-7f5d30dfe000 ---p 00000000 00:00 0 
7f5d30dfe000-7f5d317fc000 rwxp 00000000 00:00 0 
7f5d317fc000-7f5d317ff000 ---p 00000000 00:00 0 
7f5d317ff000-7f5d321fd000 rwxp 00000000 00:00 0 
7f5d321fd000-7f5d32200000 ---p 00000000 00:00 0 
7f5d32200000-7f5d32bfe000 rwxp 00000000 00:00 0 
7f5d32bfe000-7f5d32c01000 ---p 00000000 00:00 0 
7f5d32c01000-7f5d335ff000 rwxp 00000000 00:00 0 
7f5d335ff000-7f5d33602000 ---p 00000000 00:00 0 
7f5d33602000-7f5d34000000 rwxp 00000000 00:00 0 
7f5d34000000-7f5d34021000 rwxp 00000000 00:00 0 
7f5d34021000-7f5d38000000 ---p 00000000 00:00 0 
7f5d38000000-7f5d38021000 rwxp 00000000 00:00 0 
7f5d38021000-7f5d3c000000 ---p 00000000 00:00 0 
7f5d3c000000-7f5d3c021000 rwxp 00000000 00:00 0 
7f5d3c021000-7f5d40000000 ---p 00000000 00:00 0 
7f5d40000000-7f5d40021000 rwxp 00000000 00:00 0 
7f5d40021000-7f5d44000000 ---p 00000000 00:00 0 
7f5d44000000-7f5d44021000 rwxp 00000000 00:00 0 
7f5d44021000-7f5d48000000 ---p 00000000 00:00 0 
7f5d48000000-7f5d48021000 rwxp 00000000 00:00 0 
7f5d48021000-7f5d4c000000 ---p 00000000 00:00 0 
7f5d4c000000-7f5d4c021000 rwxp 00000000 00:00 0 
7f5d4c021000-7f5d50000000 ---p 00000000 00:00 0 
7f5d503fa000-7f5d503fd000 ---p 00000000 00:00 0 
7f5d503fd000-7f5d50dfb000 rwxp 00000000 00:00 0 
7f5d50dfb000-7f5d50dfe000 ---p 00000000 00:00 0 
7f5d50dfe000-7f5d517fc000 rwxp 00000000 00:00 0 
7f5d517fc000-7f5d517ff000 ---p 00000000 00:00 0 
7f5d517ff000-7f5d521fd000 rwxp 00000000 00:00 0 
7f5d521fd000-7f5d52200000 ---p 00000000 00:00 0 
7f5d52200000-7f5d52bfe000 rwxp 00000000 00:00 0 
7f5d52bfe000-7f5d52c01000 ---p 00000000 00:00 0 
7f5d52c01000-7f5d535ff000 rwxp 00000000 00:00 0 
7f5d535ff000-7f5d53602000 ---p 00000000 00:00 0 
7f5d53602000-7f5d54000000 rwxp 00000000 00:00 0 
7f5d54000000-7f5d5569a000 rwxp 00000000 00:00 0 
7f5d5569a000-7f5d58000000 ---p 00000000 00:00 0 
7f5d58000000-7f5d58021000 rwxp 00000000 00:00 0 
7f5d58021000-7f5d5c000000 ---p 00000000 00:00 0 
7f5d5c000000-7f5d5c021000 rwxp 00000000 00:00 0 
7f5d5c021000-7f5d60000000 ---p 00000000 00:00 0 
7f5d60000000-7f5d60c50000 rwxp 00000000 00:00 0 
7f5d60c50000-7f5d64000000 ---p 00000000 00:00 0 
7f5d64000000-7f5d64021000 rwxp 00000000 00:00 0 
7f5d64021000-7f5d68000000 ---p 00000000 00:00 0 
7f5d68000000-7f5d68021000 rwxp 00000000 00:00 0 
7f5d68021000-7f5d6c000000 ---p 00000000 00:00 0 
7f5d6c000000-7f5d70000000 rwxp 00000000 00:00 0 
7f5d7046a000-7f5d7046d000 ---p 00000000 00:00 0 
7f5d7046d000-7f5d70e6b000 rwxp 00000000 00:00 0 
7f5d70e6b000-7f5d70e6c000 ---p 00000000 00:00 0 
7f5d70e6c000-7f5d70f6c000 rwxp 00000000 00:00 0 
7f5d70f6c000-7f5d70f6f000 ---p 00000000 00:00 0 
7f5d70f6f000-7f5d7196d000 rwxp 00000000 00:00 0 
7f5d7196d000-7f5d71970000 ---p 00000000 00:00 0 
7f5d71970000-7f5d71a6e000 rwxp 00000000 00:00 0 
7f5d71a6e000-7f5d71a71000 ---p 00000000 00:00 0 
7f5d71a71000-7f5d71b6f000 rwxp 00000000 00:00 0 
7f5d71b6f000-7f5d71b72000 ---p 00000000 00:00 0 
7f5d71b72000-7f5d72570000 rwxp 00000000 00:00 0 
7f5d72570000-7f5d726f9000 r-xp 00000000 09:00 1449334                    /usr/lib/locale/locale-archive
7f5d726f9000-7f5d726fc000 ---p 00000000 00:00 0 
7f5d726fc000-7f5d730fa000 rwxp 00000000 00:00 0 
7f5d730fa000-7f5d730fd000 ---p 00000000 00:00 0 
7f5d730fd000-7f5d73afb000 rwxp 00000000 00:00 0 
7f5d73afb000-7f5d73afc000 ---p 00000000 00:00 0 
7f5d73afc000-7f5d74000000 rwxp 00000000 00:00 0 
7f5d74000000-7f5d74467000 rwxp 00000000 00:00 0 
7f5d74467000-7f5d78000000 ---p 00000000 00:00 0 
7f5d78000000-7f5d78723000 rwxp 00000000 00:00 0 
7f5d78723000-7f5d7c000000 ---p 00000000 00:00 0 
7f5d7c000000-7f5d7caa7000 rwxp 00000000 00:00 0 
7f5d7caa7000-7f5d80000000 ---p 00000000 00:00 0 
7f5d80000000-7f5d80859000 rwxp 00000000 00:00 0 
7f5d80859000-7f5d84000000 ---p 00000000 00:00 0 
7f5d84000000-7f5d84524000 rwxp 00000000 00:00 0 
7f5d84524000-7f5d88000000 ---p 00000000 00:00 0 
7f5d88000000-7f5d885b2000 rwxp 00000000 00:00 0 
7f5d885b2000-7f5d8c000000 ---p 00000000 00:00 0 
7f5d8c000000-7f5d8c700000 rwxp 00000000 00:00 0 
7f5d8c700000-7f5d90000000 ---p 00000000 00:00 0 
7f5d90000000-7f5d90a74000 rwxp 00000000 00:00 0 
7f5d90a74000-7f5d94000000 ---p 00000000 00:00 0 
7f5d94000000-7f5d9456a000 rwxp 00000000 00:00 0 
7f5d9456a000-7f5d98000000 ---p 00000000 00:00 0 
7f5d98000000-7f5d9884a000 rwxp 00000000 00:00 0 
7f5d9884a000-7f5d9c000000 ---p 00000000 00:00 0 
7f5d9c000000-7f5d9c6fc000 rwxp 00000000 00:00 0 
7f5d9c6fc000-7f5da0000000 ---p 00000000 00:00 0 
7f5da0000000-7f5da07bf000 rwxp 00000000 00:00 0 
7f5da07bf000-7f5da4000000 ---p 00000000 00:00 0 
7f5da4000000-7f5da47a3000 rwxp 00000000 00:00 0 
7f5da47a3000-7f5da8000000 ---p 00000000 00:00 0 
7f5da8000000-7f5da87ab000 rwxp 00000000 00:00 0 
7f5da87ab000-7f5dac000000 ---p 00000000 00:00 0 
7f5dac000000-7f5dac85d000 rwxp 00000000 00:00 0 
7f5dac85d000-7f5db0000000 ---p 00000000 00:00 0 
7f5db0000000-7f5db070f000 rwxp 00000000 00:00 0 
7f5db070f000-7f5db4000000 ---p 00000000 00:00 0 
7f5db4000000-7f5db4679000 rwxp 00000000 00:00 0 
7f5db4679000-7f5db8000000 ---p 00000000 00:00 0 
7f5db8000000-7f5db8901000 rwxp 00000000 00:00 0 
7f5db8901000-7f5dbc000000 ---p 00000000 00:00 0 
7f5dbc000000-7f5dbc6cf000 rwxp 00000000 00:00 0 
7f5dbc6cf000-7f5dc0000000 ---p 00000000 00:00 0 
7f5dc0000000-7f5dc084a000 rwxp 00000000 00:00 0 
7f5dc084a000-7f5dc4000000 ---p 00000000 00:00 0 
7f5dc4000000-7f5dc47b0000 rwxp 00000000 00:00 0 
7f5dc47b0000-7f5dc8000000 ---p 00000000 00:00 0 
7f5dc8000000-7f5dc8399000 rwxp 00000000 00:00 0 
7f5dc8399000-7f5dcc000000 ---p 00000000 00:00 0 
7f5dcc000000-7f5dcc80f000 rwxp 00000000 00:00 0 
7f5dcc80f000-7f5dd0000000 ---p 00000000 00:00 0 
7f5dd00fd000-7f5dd1511000 rwxp 00000000 00:00 0 
7f5dd1511000-7f5dd16a8000 r-xs 03014000 00:25 4518903250                 /oicr/x86_64/lib/jvm/jdk1.6.0_21/jre/lib/rt.jar
7f5dd16a8000-7f5dd16a9000 ---p 00000000 00:00 0 
7f5dd16a9000-7f5dd17a9000 rwxp 00000000 00:00 0 
7f5dd17a9000-7f5dd17aa000 ---p 00000000 00:00 0 
7f5dd17aa000-7f5dd18aa000 rwxp 00000000 00:00 0 
7f5dd18aa000-7f5dd18ab000 ---p 00000000 00:00 0 
7f5dd18ab000-7f5dd19ab000 rwxp 00000000 00:00 0 
7f5dd19ab000-7f5dd19ac000 ---p 00000000 00:00 0 
7f5dd19ac000-7f5dd1aac000 rwxp 00000000 00:00 0 
7f5dd1aac000-7f5dd1aad000 ---p 00000000 00:00 0 
7f5dd1aad000-7f5dd1bad000 rwxp 00000000 00:00 0 
7f5dd1bad000-7f5dd1bae000 ---p 00000000 00:00 0 
7f5dd1bae000-7f5dd1cae000 rwxp 00000000 00:00 0 
7f5dd1cae000-7f5dd1caf000 ---p 00000000 00:00 0 
7f5dd1caf000-7f5dd1daf000 rwxp 00000000 00:00 0 
7f5dd1daf000-7f5dd1db0000 ---p 00000000 00:00 0 
7f5dd1db0000-7f5dd1eb0000 rwxp 00000000 00:00 0 
7f5dd1eb0000-7f5dd1eb1000 ---p 00000000 00:00 0 
7f5dd1eb1000-7f5dd1fb1000 rwxp 00000000 00:00 0 
7f5dd1fb1000-7f5dd1fb2000 ---p 00000000 00:00 0 
7f5dd1fb2000-7f5dd20b2000 rwxp 00000000 00:00 0 
7f5dd20b2000-7f5dd20b3000 ---p 00000000 00:00 0 
7f5dd20b3000-7f5dd21b3000 rwxp 00000000 00:00 0 
7f5dd21b3000-7f5dd21b4000 ---p 00000000 00:00 0 
7f5dd21b4000-7f5dd22b4000 rwxp 00000000 00:00 0 
7f5dd22b4000-7f5dd22b5000 ---p 00000000 00:00 0 
7f5dd22b5000-7f5dd23b5000 rwxp 00000000 00:00 0 
7f5dd23b5000-7f5dd23b6000 ---p 00000000 00:00 0 
7f5dd23b6000-7f5dd24b6000 rwxp 00000000 00:00 0 
7f5dd24b6000-7f5dd24b7000 ---p 00000000 00:00 0 
7f5dd24b7000-7f5dd25b7000 rwxp 00000000 00:00 0 
7f5dd25b7000-7f5dd25b8000 ---p 00000000 00:00 0 
7f5dd25b8000-7f5dd26b8000 rwxp 00000000 00:00 0 
7f5dd26b8000-7f5dd26b9000 ---p 00000000 00:00 0 
7f5dd26b9000-7f5dd27b9000 rwxp 00000000 00:00 0 
7f5dd27b9000-7f5dd27ba000 ---p 00000000 00:00 0 
7f5dd27ba000-7f5dd28ba000 rwxp 00000000 00:00 0 
7f5dd28ba000-7f5dd28bb000 ---p 00000000 00:00 0 
7f5dd28bb000-7f5dd29bb000 rwxp 00000000 00:00 0 
7f5dd29bb000-7f5dd29bc000 ---p 00000000 00:00 0 
7f5dd29bc000-7f5dd2abc000 rwxp 00000000 00:00 0 
7f5dd2abc000-7f5dd2abd000 ---p 00000000 00:00 0 
7f5dd2abd000-7f5dd2bbd000 rwxp 00000000 00:00 0 
7f5dd2bbd000-7f5dd2bbe000 ---p 00000000 00:00 0 
7f5dd2bbe000-7f5dd2cbe000 rwxp 00000000 00:00 0 
7f5dd2cbe000-7f5dd2cbf000 ---p 00000000 00:00 0 
7f5dd2cbf000-7f5dd2dbf000 rwxp 00000000 00:00 0 
7f5dd2dbf000-7f5dd3360000 rwxp 00000000 00:00 0 
7f5dd3360000-7f5dd369c000 ---p 00000000 00:00 0 
7f5dd369c000-7f5dd9315000 rwxp 00000000 00:00 0 
7f5dd9315000-7f5dd9320000 rwxp 00000000 00:00 0 
7f5dd9320000-7f5dd933f000 rwxp 00000000 00:00 0 
7f5dd933f000-7f5dd98e0000 rwxp 00000000 00:00 0 
7f5dd98e0000-7f5dd9c1c000 ---p 00000000 00:00 0 
7f5dd9c1c000-7f5ddf894000 rwxp 00000000 00:00 0 
7f5ddf894000-7f5de1e70000 rwxp 00000000 00:00 0 
7f5de1e70000-7f5de2b3f000 ---p 00000000 00:00 0 
7f5de2b3f000-7f5de4000000 rwxp 00000000 00:00 0 
7f5de4000000-7f5de7f40000 rwxp 00000000 00:00 0 
7f5de7f40000-7f5e9c060000 rwxp 00000000 00:00 0 
7f5e9c060000-7f5f03810000 ---p 00000000 00:00 0 
7f5f03810000-7f6a929f0000 rwxp 00000000 00:00 0 
7f6a929f0000-7f6f4dfe0000 rwxp 00000000 00:00 0 
7f6f4dfe0000-7f70e7f40000 ---p 00000000 00:00 0 
7f70e7f40000-7f70e7f4a000 rwxp 00000000 00:00 0 
7f70e7f4a000-7f70e819a000 rwxp 00000000 00:00 0 
7f70e819a000-7f70ec000000 ---p 00000000 00:00 0 
7f70ec034000-7f70ec2a4000 rwxp 00000000 00:00 0 
7f70ec2a4000-7f70ef034000 rwxp 00000000 00:00 0 
7f70ef034000-7f70ef042000 r-xp 00000000 00:25 4518903452                 /oicr/x86_64/lib/jvm/jdk1.6.0_21/jre/lib/amd64/libzip.so
7f70ef042000-7f70ef144000 ---p 0000e000 00:25 4518903452                 /oicr/x86_64/lib/jvm/jdk1.6.0_21/jre/lib/amd64/libzip.so
7f70ef144000-7f70ef147000 rwxp 00010000 00:25 4518903452                 /oicr/x86_64/lib/jvm/jdk1.6.0_21/jre/lib/amd64/libzip.so
7f70ef147000-7f70ef148000 rwxp 00000000 00:00 0 
7f70ef148000-7f70ef14f000 r-xp 00000000 00:25 4518903493                 /oicr/x86_64/lib/jvm/jdk1.6.0_21/jre/lib/amd64/native_threads/libhpi.so
7f70ef14f000-7f70ef250000 ---p 00007000 00:25 4518903493                 /oicr/x86_64/lib/jvm/jdk1.6.0_21/jre/lib/amd64/native_threads/libhpi.so
7f70ef250000-7f70ef252000 rwxp 00008000 00:25 4518903493                 /oicr/x86_64/lib/jvm/jdk1.6.0_21/jre/lib/amd64/native_threads/libhpi.so
7f70ef252000-7f70ef253000 rwxp 00000000 00:00 0 
7f70ef253000-7f70ef268000 r-xp 00000000 09:00 657870                     /lib/x86_64-linux-gnu/libnsl-2.19.so
7f70ef268000-7f70ef467000 ---p 00015000 09:00 657870                     /lib/x86_64-linux-gnu/libnsl-2.19.so
7f70ef467000-7f70ef468000 r-xp 00014000 09:00 657870                     /lib/x86_64-linux-gnu/libnsl-2.19.so
7f70ef468000-7f70ef469000 rwxp 00015000 09:00 657870                     /lib/x86_64-linux-gnu/libnsl-2.19.so
7f70ef469000-7f70ef46b000 rwxp 00000000 00:00 0 
7f70ef46b000-7f70ef493000 r-xp 00000000 00:25 4518903399                 /oicr/x86_64/lib/jvm/jdk1.6.0_21/jre/lib/amd64/libjava.so
7f70ef493000-7f70ef593000 ---p 00028000 00:25 4518903399                 /oicr/x86_64/lib/jvm/jdk1.6.0_21/jre/lib/amd64/libjava.so
7f70ef593000-7f70ef59a000 rwxp 00028000 00:25 4518903399                 /oicr/x86_64/lib/jvm/jdk1.6.0_21/jre/lib/amd64/libjava.so
7f70ef59a000-7f70ef5a7000 r-xp 00000000 00:25 4518903450                 /oicr/x86_64/lib/jvm/jdk1.6.0_21/jre/lib/amd64/libverify.so
7f70ef5a7000-7f70ef6a6000 ---p 0000d000 00:25 4518903450                 /oicr/x86_64/lib/jvm/jdk1.6.0_21/jre/lib/amd64/libverify.so
7f70ef6a6000-7f70ef6a9000 rwxp 0000c000 00:25 4518903450                 /oicr/x86_64/lib/jvm/jdk1.6.0_21/jre/lib/amd64/libverify.so
7f70ef6a9000-7f70ef6b0000 r-xp 00000000 09:00 657881                     /lib/x86_64-linux-gnu/librt-2.19.so
7f70ef6b0000-7f70ef8af000 ---p 00007000 09:00 657881                     /lib/x86_64-linux-gnu/librt-2.19.so
7f70ef8af000-7f70ef8b0000 r-xp 00006000 09:00 657881                     /lib/x86_64-linux-gnu/librt-2.19.so
7f70ef8b0000-7f70ef8b1000 rwxp 00007000 09:00 657881                     /lib/x86_64-linux-gnu/librt-2.19.so
7f70ef8b1000-7f70ef8b4000 ---p 00000000 00:00 0 
7f70ef8b4000-7f70ef9b2000 rwxp 00000000 00:00 0 
7f70ef9b2000-7f70efab2000 r-xp 00000000 09:00 657867                     /lib/x86_64-linux-gnu/libm-2.19.so
7f70efab2000-7f70efcb1000 ---p 00100000 09:00 657867                     /lib/x86_64-linux-gnu/libm-2.19.so
7f70efcb1000-7f70efcb2000 r-xp 000ff000 09:00 657867                     /lib/x86_64-linux-gnu/libm-2.19.so
7f70efcb2000-7f70efcb3000 rwxp 00100000 09:00 657867                     /lib/x86_64-linux-gnu/libm-2.19.so
7f70efcb3000-7f70f048d000 r-xp 00000000 00:25 4518903498                 /oicr/x86_64/lib/jvm/jdk1.6.0_21/jre/lib/amd64/server/libjvm.so
7f70f048d000-7f70f058f000 ---p 007da000 00:25 4518903498                 /oicr/x86_64/lib/jvm/jdk1.6.0_21/jre/lib/amd64/server/libjvm.so
7f70f058f000-7f70f0720000 rwxp 007dc000 00:25 4518903498                 /oicr/x86_64/lib/jvm/jdk1.6.0_21/jre/lib/amd64/server/libjvm.so
7f70f0720000-7f70f075b000 rwxp 00000000 00:00 0 
7f70f075b000-7f70f08fc000 r-xp 00000000 09:00 657863                     /lib/x86_64-linux-gnu/libc-2.19.so
7f70f08fc000-7f70f0afc000 ---p 001a1000 09:00 657863                     /lib/x86_64-linux-gnu/libc-2.19.so
7f70f0afc000-7f70f0b00000 r-xp 001a1000 09:00 657863                     /lib/x86_64-linux-gnu/libc-2.19.so
7f70f0b00000-7f70f0b02000 rwxp 001a5000 09:00 657863                     /lib/x86_64-linux-gnu/libc-2.19.so
7f70f0b02000-7f70f0b06000 rwxp 00000000 00:00 0 
7f70f0b06000-7f70f0b09000 r-xp 00000000 09:00 657866                     /lib/x86_64-linux-gnu/libdl-2.19.so
7f70f0b09000-7f70f0d08000 ---p 00003000 09:00 657866                     /lib/x86_64-linux-gnu/libdl-2.19.so
7f70f0d08000-7f70f0d09000 r-xp 00002000 09:00 657866                     /lib/x86_64-linux-gnu/libdl-2.19.so
7f70f0d09000-7f70f0d0a000 rwxp 00003000 09:00 657866                     /lib/x86_64-linux-gnu/libdl-2.19.so
7f70f0d0a000-7f70f0d22000 r-xp 00000000 09:00 657859                     /lib/x86_64-linux-gnu/libpthread-2.19.so
7f70f0d22000-7f70f0f21000 ---p 00018000 09:00 657859                     /lib/x86_64-linux-gnu/libpthread-2.19.so
7f70f0f21000-7f70f0f22000 r-xp 00017000 09:00 657859                     /lib/x86_64-linux-gnu/libpthread-2.19.so
7f70f0f22000-7f70f0f23000 rwxp 00018000 09:00 657859                     /lib/x86_64-linux-gnu/libpthread-2.19.so
7f70f0f23000-7f70f0f27000 rwxp 00000000 00:00 0 
7f70f0f27000-7f70f0f48000 r-xp 00000000 09:00 657860                     /lib/x86_64-linux-gnu/ld-2.19.so
7f70f0f56000-7f70f0f9a000 r-xs 00303000 00:25 15113199254                /.mounts/labs/reimandlab/private/users/thuang/HyperModules_1.0.2_CMD/HyperModulesCMD-1.0.2.jar
7f70f0f9a000-7f70f0fce000 rwxp 00000000 00:00 0 
7f70f0fce000-7f70f0fd9000 rwxp 00000000 00:00 0 
7f70f0fd9000-7f70f0ff8000 rwxp 00000000 00:00 0 
7f70f0ff8000-7f70f1000000 rwxs 00000000 09:01 60162116                   /var/oicr/tmp/hsperfdata_t2huang/7392
7f70f1000000-7f70f1035000 r-xs 00000000 09:01 44040261                   /var/cache/nscd/passwd
7f70f1035000-7f70f1036000 rwxp 00000000 00:00 0 
7f70f1036000-7f70f1037000 r-xp 00000000 00:00 0 
7f70f1037000-7f70f103a000 rwxp 00000000 00:00 0 
7f70f103a000-7f70f1041000 r-xp 00000000 00:25 4518903456                 /oicr/x86_64/lib/jvm/jdk1.6.0_21/jre/lib/amd64/jli/libjli.so
7f70f1041000-7f70f1142000 ---p 00007000 00:25 4518903456                 /oicr/x86_64/lib/jvm/jdk1.6.0_21/jre/lib/amd64/jli/libjli.so
7f70f1142000-7f70f1144000 rwxp 00008000 00:25 4518903456                 /oicr/x86_64/lib/jvm/jdk1.6.0_21/jre/lib/amd64/jli/libjli.so
7f70f1144000-7f70f1147000 rwxp 00000000 00:00 0 
7f70f1147000-7f70f1148000 r-xp 00020000 09:00 657860                     /lib/x86_64-linux-gnu/ld-2.19.so
7f70f1148000-7f70f1149000 rwxp 00021000 09:00 657860                     /lib/x86_64-linux-gnu/ld-2.19.so
7f70f1149000-7f70f114a000 rwxp 00000000 00:00 0 
7ffeebe1b000-7ffeebe3d000 rwxp 00000000 00:00 0                          [stack]
7ffeebe4a000-7ffeebe4c000 r--p 00000000 00:00 0                          [vvar]
7ffeebe4c000-7ffeebe4e000 r-xp 00000000 00:00 0                          [vdso]
ffffffffff600000-ffffffffff601000 r-xp 00000000 00:00 0                  [vsyscall]

VM Arguments:
jvm_args: -Xmx76G -Xss10M 
java_command: /.mounts/labs/reimandlab/private/users/thuang/HyperModules_1.0.2_CMD/HyperModulesCMD-1.0.2.jar -n /.mounts/labs/reimandlab/private/users/thuang/data_3/04-02-18/biogrid_networks/Liver_hepatocellular_carcinoma/Liver_hepatocellular_carcinoma_1.tsv -s /.mounts/labs/reimandlab/private/users/thuang/data_2/02-19-18/mutation_data/mut_Liver_hepatocellular_carcinoma_hugo.csv -c /.mounts/labs/reimandlab/private/users/thuang/data_2/02-19-18/clinical_data/Liver_hepatocellular_carcinoma_clin.csv -S 0 -t logrank
Launcher Type: SUN_STANDARD

Environment Variables:
JAVA_HOME=/oicr/local/lib/jvm/jdk1.6.0_21
_JAVA_OPTIONS=-Xmx76G -Xss10M
PATH=/oicr/local/lib/jvm/jdk1.6.0_21/bin:/tmp/3691837.1.high_mem:/u/t2huang/bin:/oicr/local/lib/jvm/jdk1.6.0_10/bin:/opt/ogs2011.11/bin/linux-x64:/usr/local/bin:/usr/bin:/bin:/usr/local/games:/usr/games:/oicr/cluster/bin:/oicr/cluster/sbin:/oicr/cluster/openmpi/bin:/oicr/local/bin:/oicr/local/sbin:/oicr/local/analysis/bin:/u/t2huang/.local/bin
LD_LIBRARY_PATH=/oicr/x86_64/lib/jvm/jdk1.6.0_21/jre/lib/amd64/server:/oicr/x86_64/lib/jvm/jdk1.6.0_21/jre/lib/amd64:/oicr/x86_64/lib/jvm/jdk1.6.0_21/jre/../lib/amd64:/usr/local/lib:/lib/x86_64-linux-gnu:/usr/lib/x86_64-linux-gnu:/usr/lib:/usr/lib/x86_64-linux-gnu:/oicr/cluster/openmpi/lib:/oicr/local/lib:/oicr/local/analysis/lib
SHELL=/bin/bash

Signal Handlers:
SIGSEGV: [libjvm.so+0x7311c0], sa_mask[0]=0x7ffbfeff, sa_flags=0x10000004
SIGBUS: [libjvm.so+0x7311c0], sa_mask[0]=0x7ffbfeff, sa_flags=0x10000004
SIGFPE: [libjvm.so+0x5f5da0], sa_mask[0]=0x7ffbfeff, sa_flags=0x10000004
SIGPIPE: [libjvm.so+0x5f5da0], sa_mask[0]=0x7ffbfeff, sa_flags=0x10000004
SIGXFSZ: [libjvm.so+0x5f5da0], sa_mask[0]=0x7ffbfeff, sa_flags=0x10000004
SIGILL: [libjvm.so+0x5f5da0], sa_mask[0]=0x7ffbfeff, sa_flags=0x10000004
SIGUSR1: SIG_DFL, sa_mask[0]=0x00000000, sa_flags=0x00000000
SIGUSR2: [libjvm.so+0x5f85c0], sa_mask[0]=0x00000000, sa_flags=0x10000004
SIGHUP: [libjvm.so+0x5f8310], sa_mask[0]=0x7ffbfeff, sa_flags=0x10000004
SIGINT: [libjvm.so+0x5f8310], sa_mask[0]=0x7ffbfeff, sa_flags=0x10000004
SIGTERM: [libjvm.so+0x5f8310], sa_mask[0]=0x7ffbfeff, sa_flags=0x10000004
SIGQUIT: [libjvm.so+0x5f8310], sa_mask[0]=0x7ffbfeff, sa_flags=0x10000004


---------------  S Y S T E M  ---------------

OS:8.8

uname:Linux 4.9.0-0.bpo.5-amd64 #1 SMP Debian 4.9.65-3+deb9u2~bpo8+1 (2017-01-05) x86_64
libc:glibc 2.19 NPTL 2.19 
rlimit: STACK 262144k, CORE infinity, NPROC 1031330, NOFILE 16384, AS 83886080k
load average:11.01 11.14 10.06

CPU:total 32 (8 cores per cpu, 2 threads per core) family 6 model 79 stepping 1, cmov, cx8, fxsr, mmx, sse, sse2, sse3, ssse3, sse4.1, sse4.2, popcnt, ht

Memory: 4k page, physical 264043060k(22507104k free), swap 0k(0k free)

vm_info: Java HotSpot(TM) 64-Bit Server VM (17.0-b16) for linux-amd64 JRE (1.6.0_21-b06), built on Jun 22 2010 01:10:00 by "java_re" with gcc 3.2.2 (SuSE Linux)

time: Wed Apr 11 10:01:32 2018
elapsed time: 33323 seconds

